2022-10-08 00:00:46 INFO  SpringContextShutdownHook org.springframework.scheduling.concurrent.ThreadPoolTaskExecutor Shutting down ExecutorService 'applicationTaskExecutor'
2022-10-08 00:00:46 INFO  SpringContextShutdownHook com.alibaba.druid.pool.DruidDataSource {dataSource-1} closing ...
2022-10-08 00:00:46 INFO  SpringContextShutdownHook com.alibaba.druid.pool.DruidDataSource {dataSource-1} closed
2022-10-08 00:00:49 INFO  background-preinit org.hibernate.validator.internal.util.Version HV000001: Hibernate Validator 6.1.6.Final
2022-10-08 00:00:49 INFO  main com.tyd.BlogApplication Starting BlogApplication on DESKTOP-OP6F00V with PID 31088 (E:\javaWeb\blog\target\classes started by Administrator in E:\javaWeb\blog)
2022-10-08 00:00:49 INFO  main com.tyd.BlogApplication The following profiles are active: dev
2022-10-08 00:00:50 INFO  main org.springframework.data.repository.config.RepositoryConfigurationDelegate Multiple Spring Data modules found, entering strict repository configuration mode!
2022-10-08 00:00:50 INFO  main org.springframework.data.repository.config.RepositoryConfigurationDelegate Bootstrapping Spring Data Redis repositories in DEFAULT mode.
2022-10-08 00:00:50 INFO  main org.springframework.data.repository.config.RepositoryConfigurationDelegate Finished Spring Data repository scanning in 17ms. Found 0 Redis repository interfaces.
2022-10-08 00:00:50 INFO  main org.springframework.context.support.PostProcessorRegistrationDelegate$BeanPostProcessorChecker Bean 'redisConfig' of type [com.tyd.common.config.RedisConfig$$EnhancerBySpringCGLIB$$47163e4e] is not eligible for getting processed by all BeanPostProcessors (for example: not eligible for auto-proxying)
2022-10-08 00:00:50 INFO  main org.springframework.context.support.PostProcessorRegistrationDelegate$BeanPostProcessorChecker Bean 'org.springframework.security.access.expression.method.DefaultMethodSecurityExpressionHandler@5a515e5d' of type [org.springframework.security.access.expression.method.DefaultMethodSecurityExpressionHandler] is not eligible for getting processed by all BeanPostProcessors (for example: not eligible for auto-proxying)
2022-10-08 00:00:50 INFO  main org.springframework.context.support.PostProcessorRegistrationDelegate$BeanPostProcessorChecker Bean 'methodSecurityMetadataSource' of type [org.springframework.security.access.method.DelegatingMethodSecurityMetadataSource] is not eligible for getting processed by all BeanPostProcessors (for example: not eligible for auto-proxying)
2022-10-08 00:00:50 INFO  main org.springframework.boot.web.embedded.tomcat.TomcatWebServer Tomcat initialized with port(s): 8080 (http)
2022-10-08 00:00:50 INFO  main org.apache.coyote.http11.Http11NioProtocol Initializing ProtocolHandler ["http-nio-8080"]
2022-10-08 00:00:50 INFO  main org.apache.catalina.core.StandardService Starting service [Tomcat]
2022-10-08 00:00:50 INFO  main org.apache.catalina.core.StandardEngine Starting Servlet engine: [Apache Tomcat/9.0.41]
2022-10-08 00:00:50 INFO  main org.apache.catalina.core.ContainerBase.[Tomcat].[localhost].[/limi] Initializing Spring embedded WebApplicationContext
2022-10-08 00:00:50 INFO  main org.springframework.boot.web.servlet.context.ServletWebServerApplicationContext Root WebApplicationContext: initialization completed in 1409 ms
2022-10-08 00:00:51 INFO  main com.alibaba.druid.spring.boot.autoconfigure.DruidDataSourceAutoConfigure Init DruidDataSource
2022-10-08 00:00:51 INFO  main com.alibaba.druid.pool.DruidDataSource {dataSource-1} inited
2022-10-08 00:00:52 INFO  main org.springframework.boot.autoconfigure.security.servlet.UserDetailsServiceAutoConfiguration 

Using generated security password: 8d912a93-69c1-4a70-99a9-64495299092d

2022-10-08 00:00:52 INFO  main org.springframework.security.web.DefaultSecurityFilterChain Creating filter chain: any request, [org.springframework.security.web.context.request.async.WebAsyncManagerIntegrationFilter@1f85904a, org.springframework.security.web.context.SecurityContextPersistenceFilter@499c4d61, org.springframework.security.web.header.HeaderWriterFilter@545f0b6, com.tyd.common.filter.RequestCountFilter@216f01, com.tyd.common.filter.SimpleTokenFilter@7d7b4e04, org.springframework.security.web.savedrequest.RequestCacheAwareFilter@59b3f754, org.springframework.security.web.servletapi.SecurityContextHolderAwareRequestFilter@23d978b, org.springframework.security.web.authentication.AnonymousAuthenticationFilter@514dc5f4, org.springframework.security.web.session.SessionManagementFilter@1b36d248, org.springframework.security.web.access.ExceptionTranslationFilter@5e055ce1, org.springframework.security.web.access.intercept.FilterSecurityInterceptor@73aae7a]
2022-10-08 00:00:52 INFO  main springfox.documentation.spring.web.PropertySourcedRequestMappingHandlerMapping Mapped URL path [/v2/api-docs] onto method [springfox.documentation.swagger2.web.Swagger2Controller#getDocumentation(String, HttpServletRequest)]
2022-10-08 00:00:52 INFO  main org.springframework.scheduling.concurrent.ThreadPoolTaskExecutor Initializing ExecutorService 'applicationTaskExecutor'
2022-10-08 00:00:52 INFO  main org.apache.coyote.http11.Http11NioProtocol Starting ProtocolHandler ["http-nio-8080"]
2022-10-08 00:00:52 INFO  main org.springframework.boot.web.embedded.tomcat.TomcatWebServer Tomcat started on port(s): 8080 (http) with context path '/limi'
2022-10-08 00:00:52 INFO  main springfox.documentation.spring.web.plugins.DocumentationPluginsBootstrapper Context refreshed
2022-10-08 00:00:52 INFO  main springfox.documentation.spring.web.plugins.DocumentationPluginsBootstrapper Found 1 custom documentation plugin(s)
2022-10-08 00:00:52 INFO  main springfox.documentation.spring.web.scanners.ApiListingReferenceScanner Scanning for api listing references
2022-10-08 00:00:53 INFO  main springfox.documentation.spring.web.readers.operation.CachingOperationNameGenerator Generating unique operation named: queryAllUsingGET_1
2022-10-08 00:00:53 INFO  main springfox.documentation.spring.web.readers.operation.CachingOperationNameGenerator Generating unique operation named: queryAllPageUsingPOST_1
2022-10-08 00:00:53 INFO  main springfox.documentation.spring.web.readers.operation.CachingOperationNameGenerator Generating unique operation named: queryByIdUsingGET_1
2022-10-08 00:00:53 INFO  main springfox.documentation.spring.web.readers.operation.CachingOperationNameGenerator Generating unique operation named: queryAllUsingGET_2
2022-10-08 00:00:53 INFO  main springfox.documentation.spring.web.readers.operation.CachingOperationNameGenerator Generating unique operation named: queryAllPageUsingPOST_2
2022-10-08 00:00:53 INFO  main springfox.documentation.spring.web.readers.operation.CachingOperationNameGenerator Generating unique operation named: queryByIdUsingGET_2
2022-10-08 00:00:53 INFO  main com.tyd.BlogApplication Started BlogApplication in 4.039 seconds (JVM running for 4.93)
2022-10-08 00:00:59 INFO  http-nio-8080-exec-1 org.apache.catalina.core.ContainerBase.[Tomcat].[localhost].[/limi] Initializing Spring DispatcherServlet 'dispatcherServlet'
2022-10-08 00:00:59 INFO  http-nio-8080-exec-1 org.springframework.web.servlet.DispatcherServlet Initializing Servlet 'dispatcherServlet'
2022-10-08 00:00:59 INFO  http-nio-8080-exec-1 org.springframework.web.servlet.DispatcherServlet Completed initialization in 5 ms
2022-10-08 00:01:00 INFO  http-nio-8080-exec-1 com.tyd.common.filter.SimpleTokenFilter 请求ip:127.0.0.1请求位置信息:内网IP请求的接口:/limi/image/upload请求的方法:POST请求时间：2022-10-08 00:01:00
2022-10-08 00:01:22 INFO  SpringContextShutdownHook org.springframework.scheduling.concurrent.ThreadPoolTaskExecutor Shutting down ExecutorService 'applicationTaskExecutor'
2022-10-08 00:01:22 INFO  SpringContextShutdownHook com.alibaba.druid.pool.DruidDataSource {dataSource-1} closing ...
2022-10-08 00:01:22 INFO  SpringContextShutdownHook com.alibaba.druid.pool.DruidDataSource {dataSource-1} closed
2022-10-08 00:01:24 INFO  background-preinit org.hibernate.validator.internal.util.Version HV000001: Hibernate Validator 6.1.6.Final
2022-10-08 00:01:24 INFO  main com.tyd.BlogApplication Starting BlogApplication on DESKTOP-OP6F00V with PID 32752 (E:\javaWeb\blog\target\classes started by Administrator in E:\javaWeb\blog)
2022-10-08 00:01:24 INFO  main com.tyd.BlogApplication The following profiles are active: dev
2022-10-08 00:01:25 INFO  main org.springframework.data.repository.config.RepositoryConfigurationDelegate Multiple Spring Data modules found, entering strict repository configuration mode!
2022-10-08 00:01:25 INFO  main org.springframework.data.repository.config.RepositoryConfigurationDelegate Bootstrapping Spring Data Redis repositories in DEFAULT mode.
2022-10-08 00:01:25 INFO  main org.springframework.data.repository.config.RepositoryConfigurationDelegate Finished Spring Data repository scanning in 17ms. Found 0 Redis repository interfaces.
2022-10-08 00:01:25 INFO  main org.springframework.context.support.PostProcessorRegistrationDelegate$BeanPostProcessorChecker Bean 'redisConfig' of type [com.tyd.common.config.RedisConfig$$EnhancerBySpringCGLIB$$17527581] is not eligible for getting processed by all BeanPostProcessors (for example: not eligible for auto-proxying)
2022-10-08 00:01:26 INFO  main org.springframework.context.support.PostProcessorRegistrationDelegate$BeanPostProcessorChecker Bean 'org.springframework.security.access.expression.method.DefaultMethodSecurityExpressionHandler@4de79b7d' of type [org.springframework.security.access.expression.method.DefaultMethodSecurityExpressionHandler] is not eligible for getting processed by all BeanPostProcessors (for example: not eligible for auto-proxying)
2022-10-08 00:01:26 INFO  main org.springframework.context.support.PostProcessorRegistrationDelegate$BeanPostProcessorChecker Bean 'methodSecurityMetadataSource' of type [org.springframework.security.access.method.DelegatingMethodSecurityMetadataSource] is not eligible for getting processed by all BeanPostProcessors (for example: not eligible for auto-proxying)
2022-10-08 00:01:26 INFO  main org.springframework.boot.web.embedded.tomcat.TomcatWebServer Tomcat initialized with port(s): 8080 (http)
2022-10-08 00:01:26 INFO  main org.apache.coyote.http11.Http11NioProtocol Initializing ProtocolHandler ["http-nio-8080"]
2022-10-08 00:01:26 INFO  main org.apache.catalina.core.StandardService Starting service [Tomcat]
2022-10-08 00:01:26 INFO  main org.apache.catalina.core.StandardEngine Starting Servlet engine: [Apache Tomcat/9.0.41]
2022-10-08 00:01:26 INFO  main org.apache.catalina.core.ContainerBase.[Tomcat].[localhost].[/limi] Initializing Spring embedded WebApplicationContext
2022-10-08 00:01:26 INFO  main org.springframework.boot.web.servlet.context.ServletWebServerApplicationContext Root WebApplicationContext: initialization completed in 1368 ms
2022-10-08 00:01:26 INFO  main com.alibaba.druid.spring.boot.autoconfigure.DruidDataSourceAutoConfigure Init DruidDataSource
2022-10-08 00:01:26 INFO  main com.alibaba.druid.pool.DruidDataSource {dataSource-1} inited
2022-10-08 00:01:27 INFO  main org.springframework.boot.autoconfigure.security.servlet.UserDetailsServiceAutoConfiguration 

Using generated security password: 56750ba9-5c0a-4b12-b23e-d1b979d85335

2022-10-08 00:01:27 INFO  main org.springframework.security.web.DefaultSecurityFilterChain Creating filter chain: any request, [org.springframework.security.web.context.request.async.WebAsyncManagerIntegrationFilter@df6f19b, org.springframework.security.web.context.SecurityContextPersistenceFilter@3278d065, org.springframework.security.web.header.HeaderWriterFilter@16e4db59, com.tyd.common.filter.RequestCountFilter@19ae36f4, com.tyd.common.filter.SimpleTokenFilter@604f376a, org.springframework.security.web.savedrequest.RequestCacheAwareFilter@3c9ef37b, org.springframework.security.web.servletapi.SecurityContextHolderAwareRequestFilter@291cbe70, org.springframework.security.web.authentication.AnonymousAuthenticationFilter@6d842877, org.springframework.security.web.session.SessionManagementFilter@4feec184, org.springframework.security.web.access.ExceptionTranslationFilter@6f4fc83f, org.springframework.security.web.access.intercept.FilterSecurityInterceptor@278cb145]
2022-10-08 00:01:28 INFO  main springfox.documentation.spring.web.PropertySourcedRequestMappingHandlerMapping Mapped URL path [/v2/api-docs] onto method [springfox.documentation.swagger2.web.Swagger2Controller#getDocumentation(String, HttpServletRequest)]
2022-10-08 00:01:28 INFO  main org.springframework.scheduling.concurrent.ThreadPoolTaskExecutor Initializing ExecutorService 'applicationTaskExecutor'
2022-10-08 00:01:28 INFO  main org.apache.coyote.http11.Http11NioProtocol Starting ProtocolHandler ["http-nio-8080"]
2022-10-08 00:01:28 INFO  main org.springframework.boot.web.embedded.tomcat.TomcatWebServer Tomcat started on port(s): 8080 (http) with context path '/limi'
2022-10-08 00:01:28 INFO  main springfox.documentation.spring.web.plugins.DocumentationPluginsBootstrapper Context refreshed
2022-10-08 00:01:28 INFO  main springfox.documentation.spring.web.plugins.DocumentationPluginsBootstrapper Found 1 custom documentation plugin(s)
2022-10-08 00:01:28 INFO  main springfox.documentation.spring.web.scanners.ApiListingReferenceScanner Scanning for api listing references
2022-10-08 00:01:28 INFO  main springfox.documentation.spring.web.readers.operation.CachingOperationNameGenerator Generating unique operation named: queryAllUsingGET_1
2022-10-08 00:01:28 INFO  main springfox.documentation.spring.web.readers.operation.CachingOperationNameGenerator Generating unique operation named: queryAllPageUsingPOST_1
2022-10-08 00:01:28 INFO  main springfox.documentation.spring.web.readers.operation.CachingOperationNameGenerator Generating unique operation named: queryByIdUsingGET_1
2022-10-08 00:01:28 INFO  main springfox.documentation.spring.web.readers.operation.CachingOperationNameGenerator Generating unique operation named: queryAllUsingGET_2
2022-10-08 00:01:28 INFO  main springfox.documentation.spring.web.readers.operation.CachingOperationNameGenerator Generating unique operation named: queryAllPageUsingPOST_2
2022-10-08 00:01:28 INFO  main springfox.documentation.spring.web.readers.operation.CachingOperationNameGenerator Generating unique operation named: queryByIdUsingGET_2
2022-10-08 00:01:28 INFO  main com.tyd.BlogApplication Started BlogApplication in 3.951 seconds (JVM running for 4.698)
2022-10-08 00:01:32 INFO  http-nio-8080-exec-1 org.apache.catalina.core.ContainerBase.[Tomcat].[localhost].[/limi] Initializing Spring DispatcherServlet 'dispatcherServlet'
2022-10-08 00:01:32 INFO  http-nio-8080-exec-1 org.springframework.web.servlet.DispatcherServlet Initializing Servlet 'dispatcherServlet'
2022-10-08 00:01:32 INFO  http-nio-8080-exec-1 org.springframework.web.servlet.DispatcherServlet Completed initialization in 6 ms
2022-10-08 00:01:32 INFO  http-nio-8080-exec-1 com.tyd.common.filter.SimpleTokenFilter 请求ip:127.0.0.1请求位置信息:内网IP请求的接口:/limi/image/upload请求的方法:POST请求时间：2022-10-08 00:01:32
2022-10-08 00:01:32 INFO  http-nio-8080-exec-1 com.tyd.common.util.MyFileUtil 文件输出位置null1665158492996_118.jpg
2022-10-08 00:03:11 INFO  SpringContextShutdownHook org.springframework.scheduling.concurrent.ThreadPoolTaskExecutor Shutting down ExecutorService 'applicationTaskExecutor'
2022-10-08 00:03:11 INFO  SpringContextShutdownHook com.alibaba.druid.pool.DruidDataSource {dataSource-1} closing ...
2022-10-08 00:03:11 INFO  SpringContextShutdownHook com.alibaba.druid.pool.DruidDataSource {dataSource-1} closed
2022-10-08 00:03:15 INFO  background-preinit org.hibernate.validator.internal.util.Version HV000001: Hibernate Validator 6.1.6.Final
2022-10-08 00:03:15 INFO  main com.tyd.BlogApplication Starting BlogApplication on DESKTOP-OP6F00V with PID 33136 (E:\javaWeb\blog\target\classes started by Administrator in E:\javaWeb\blog)
2022-10-08 00:03:15 INFO  main com.tyd.BlogApplication The following profiles are active: dev
2022-10-08 00:03:16 INFO  main org.springframework.data.repository.config.RepositoryConfigurationDelegate Multiple Spring Data modules found, entering strict repository configuration mode!
2022-10-08 00:03:16 INFO  main org.springframework.data.repository.config.RepositoryConfigurationDelegate Bootstrapping Spring Data Redis repositories in DEFAULT mode.
2022-10-08 00:03:16 INFO  main org.springframework.data.repository.config.RepositoryConfigurationDelegate Finished Spring Data repository scanning in 17ms. Found 0 Redis repository interfaces.
2022-10-08 00:03:16 INFO  main org.springframework.context.support.PostProcessorRegistrationDelegate$BeanPostProcessorChecker Bean 'redisConfig' of type [com.tyd.common.config.RedisConfig$$EnhancerBySpringCGLIB$$8eb21b03] is not eligible for getting processed by all BeanPostProcessors (for example: not eligible for auto-proxying)
2022-10-08 00:03:16 INFO  main org.springframework.context.support.PostProcessorRegistrationDelegate$BeanPostProcessorChecker Bean 'org.springframework.security.access.expression.method.DefaultMethodSecurityExpressionHandler@1de0641b' of type [org.springframework.security.access.expression.method.DefaultMethodSecurityExpressionHandler] is not eligible for getting processed by all BeanPostProcessors (for example: not eligible for auto-proxying)
2022-10-08 00:03:16 INFO  main org.springframework.context.support.PostProcessorRegistrationDelegate$BeanPostProcessorChecker Bean 'methodSecurityMetadataSource' of type [org.springframework.security.access.method.DelegatingMethodSecurityMetadataSource] is not eligible for getting processed by all BeanPostProcessors (for example: not eligible for auto-proxying)
2022-10-08 00:03:16 INFO  main org.springframework.boot.web.embedded.tomcat.TomcatWebServer Tomcat initialized with port(s): 8080 (http)
2022-10-08 00:03:16 INFO  main org.apache.coyote.http11.Http11NioProtocol Initializing ProtocolHandler ["http-nio-8080"]
2022-10-08 00:03:16 INFO  main org.apache.catalina.core.StandardService Starting service [Tomcat]
2022-10-08 00:03:16 INFO  main org.apache.catalina.core.StandardEngine Starting Servlet engine: [Apache Tomcat/9.0.41]
2022-10-08 00:03:16 INFO  main org.apache.catalina.core.ContainerBase.[Tomcat].[localhost].[/limi] Initializing Spring embedded WebApplicationContext
2022-10-08 00:03:16 INFO  main org.springframework.boot.web.servlet.context.ServletWebServerApplicationContext Root WebApplicationContext: initialization completed in 1300 ms
2022-10-08 00:03:16 INFO  main com.alibaba.druid.spring.boot.autoconfigure.DruidDataSourceAutoConfigure Init DruidDataSource
2022-10-08 00:03:17 INFO  main com.alibaba.druid.pool.DruidDataSource {dataSource-1} inited
2022-10-08 00:03:18 INFO  main org.springframework.boot.autoconfigure.security.servlet.UserDetailsServiceAutoConfiguration 

Using generated security password: 83b17072-bb62-452d-bdd0-20964f6b1fea

2022-10-08 00:03:18 INFO  main org.springframework.security.web.DefaultSecurityFilterChain Creating filter chain: any request, [org.springframework.security.web.context.request.async.WebAsyncManagerIntegrationFilter@148fca83, org.springframework.security.web.context.SecurityContextPersistenceFilter@45d38165, org.springframework.security.web.header.HeaderWriterFilter@af3295f, com.tyd.common.filter.RequestCountFilter@33de7f3d, com.tyd.common.filter.SimpleTokenFilter@336e3be2, org.springframework.security.web.savedrequest.RequestCacheAwareFilter@26612078, org.springframework.security.web.servletapi.SecurityContextHolderAwareRequestFilter@77e730bd, org.springframework.security.web.authentication.AnonymousAuthenticationFilter@2d2a8819, org.springframework.security.web.session.SessionManagementFilter@6879e983, org.springframework.security.web.access.ExceptionTranslationFilter@72ec16f8, org.springframework.security.web.access.intercept.FilterSecurityInterceptor@646d58cd]
2022-10-08 00:03:18 INFO  main springfox.documentation.spring.web.PropertySourcedRequestMappingHandlerMapping Mapped URL path [/v2/api-docs] onto method [springfox.documentation.swagger2.web.Swagger2Controller#getDocumentation(String, HttpServletRequest)]
2022-10-08 00:03:18 INFO  main org.springframework.scheduling.concurrent.ThreadPoolTaskExecutor Initializing ExecutorService 'applicationTaskExecutor'
2022-10-08 00:03:18 INFO  main org.apache.coyote.http11.Http11NioProtocol Starting ProtocolHandler ["http-nio-8080"]
2022-10-08 00:03:18 INFO  main org.springframework.boot.web.embedded.tomcat.TomcatWebServer Tomcat started on port(s): 8080 (http) with context path '/limi'
2022-10-08 00:03:18 INFO  main springfox.documentation.spring.web.plugins.DocumentationPluginsBootstrapper Context refreshed
2022-10-08 00:03:18 INFO  main springfox.documentation.spring.web.plugins.DocumentationPluginsBootstrapper Found 1 custom documentation plugin(s)
2022-10-08 00:03:18 INFO  main springfox.documentation.spring.web.scanners.ApiListingReferenceScanner Scanning for api listing references
2022-10-08 00:03:18 INFO  main springfox.documentation.spring.web.readers.operation.CachingOperationNameGenerator Generating unique operation named: queryAllUsingGET_1
2022-10-08 00:03:18 INFO  main springfox.documentation.spring.web.readers.operation.CachingOperationNameGenerator Generating unique operation named: queryAllPageUsingPOST_1
2022-10-08 00:03:18 INFO  main springfox.documentation.spring.web.readers.operation.CachingOperationNameGenerator Generating unique operation named: queryByIdUsingGET_1
2022-10-08 00:03:18 INFO  main springfox.documentation.spring.web.readers.operation.CachingOperationNameGenerator Generating unique operation named: queryAllUsingGET_2
2022-10-08 00:03:18 INFO  main springfox.documentation.spring.web.readers.operation.CachingOperationNameGenerator Generating unique operation named: queryAllPageUsingPOST_2
2022-10-08 00:03:18 INFO  main springfox.documentation.spring.web.readers.operation.CachingOperationNameGenerator Generating unique operation named: queryByIdUsingGET_2
2022-10-08 00:03:18 INFO  main com.tyd.BlogApplication Started BlogApplication in 3.871 seconds (JVM running for 4.775)
2022-10-08 00:03:24 INFO  http-nio-8080-exec-1 org.apache.catalina.core.ContainerBase.[Tomcat].[localhost].[/limi] Initializing Spring DispatcherServlet 'dispatcherServlet'
2022-10-08 00:03:24 INFO  http-nio-8080-exec-1 org.springframework.web.servlet.DispatcherServlet Initializing Servlet 'dispatcherServlet'
2022-10-08 00:03:24 INFO  http-nio-8080-exec-1 org.springframework.web.servlet.DispatcherServlet Completed initialization in 7 ms
2022-10-08 00:03:25 INFO  http-nio-8080-exec-1 com.tyd.common.filter.SimpleTokenFilter 请求ip:127.0.0.1请求位置信息:内网IP请求的接口:/limi/image/upload请求的方法:POST请求时间：2022-10-08 00:03:25
2022-10-08 00:03:25 INFO  http-nio-8080-exec-1 com.tyd.common.util.MyFileUtil 文件输出位置null1665158605442_7434.jpg
2022-10-08 00:04:33 INFO  SpringContextShutdownHook org.springframework.scheduling.concurrent.ThreadPoolTaskExecutor Shutting down ExecutorService 'applicationTaskExecutor'
2022-10-08 00:04:33 INFO  SpringContextShutdownHook com.alibaba.druid.pool.DruidDataSource {dataSource-1} closing ...
2022-10-08 00:04:33 INFO  SpringContextShutdownHook com.alibaba.druid.pool.DruidDataSource {dataSource-1} closed
2022-10-08 00:05:06 INFO  background-preinit org.hibernate.validator.internal.util.Version HV000001: Hibernate Validator 6.1.6.Final
2022-10-08 00:05:06 INFO  main com.tyd.BlogApplication Starting BlogApplication on DESKTOP-OP6F00V with PID 22732 (E:\javaWeb\blog\target\classes started by Administrator in E:\javaWeb\blog)
2022-10-08 00:05:06 INFO  main com.tyd.BlogApplication The following profiles are active: dev
2022-10-08 00:05:07 INFO  main org.springframework.data.repository.config.RepositoryConfigurationDelegate Multiple Spring Data modules found, entering strict repository configuration mode!
2022-10-08 00:05:07 INFO  main org.springframework.data.repository.config.RepositoryConfigurationDelegate Bootstrapping Spring Data Redis repositories in DEFAULT mode.
2022-10-08 00:05:07 INFO  main org.springframework.data.repository.config.RepositoryConfigurationDelegate Finished Spring Data repository scanning in 17ms. Found 0 Redis repository interfaces.
2022-10-08 00:05:07 INFO  main org.springframework.context.support.PostProcessorRegistrationDelegate$BeanPostProcessorChecker Bean 'redisConfig' of type [com.tyd.common.config.RedisConfig$$EnhancerBySpringCGLIB$$95e433bf] is not eligible for getting processed by all BeanPostProcessors (for example: not eligible for auto-proxying)
2022-10-08 00:05:07 INFO  main org.springframework.context.support.PostProcessorRegistrationDelegate$BeanPostProcessorChecker Bean 'org.springframework.security.access.expression.method.DefaultMethodSecurityExpressionHandler@5974b7e8' of type [org.springframework.security.access.expression.method.DefaultMethodSecurityExpressionHandler] is not eligible for getting processed by all BeanPostProcessors (for example: not eligible for auto-proxying)
2022-10-08 00:05:07 INFO  main org.springframework.context.support.PostProcessorRegistrationDelegate$BeanPostProcessorChecker Bean 'methodSecurityMetadataSource' of type [org.springframework.security.access.method.DelegatingMethodSecurityMetadataSource] is not eligible for getting processed by all BeanPostProcessors (for example: not eligible for auto-proxying)
2022-10-08 00:05:07 INFO  main org.springframework.boot.web.embedded.tomcat.TomcatWebServer Tomcat initialized with port(s): 8080 (http)
2022-10-08 00:05:07 INFO  main org.apache.coyote.http11.Http11NioProtocol Initializing ProtocolHandler ["http-nio-8080"]
2022-10-08 00:05:07 INFO  main org.apache.catalina.core.StandardService Starting service [Tomcat]
2022-10-08 00:05:07 INFO  main org.apache.catalina.core.StandardEngine Starting Servlet engine: [Apache Tomcat/9.0.41]
2022-10-08 00:05:08 INFO  main org.apache.catalina.core.ContainerBase.[Tomcat].[localhost].[/limi] Initializing Spring embedded WebApplicationContext
2022-10-08 00:05:08 INFO  main org.springframework.boot.web.servlet.context.ServletWebServerApplicationContext Root WebApplicationContext: initialization completed in 1317 ms
2022-10-08 00:05:08 INFO  main com.alibaba.druid.spring.boot.autoconfigure.DruidDataSourceAutoConfigure Init DruidDataSource
2022-10-08 00:05:08 INFO  main com.alibaba.druid.pool.DruidDataSource {dataSource-1} inited
2022-10-08 00:05:09 INFO  main org.springframework.boot.autoconfigure.security.servlet.UserDetailsServiceAutoConfiguration 

Using generated security password: eaa77b75-ef1c-4e6e-9d22-7fe65cdfab49

2022-10-08 00:05:09 INFO  main org.springframework.security.web.DefaultSecurityFilterChain Creating filter chain: any request, [org.springframework.security.web.context.request.async.WebAsyncManagerIntegrationFilter@5c7c75fb, org.springframework.security.web.context.SecurityContextPersistenceFilter@57b3d869, org.springframework.security.web.header.HeaderWriterFilter@4d525897, com.tyd.common.filter.RequestCountFilter@4567fb2b, com.tyd.common.filter.SimpleTokenFilter@3a70575, org.springframework.security.web.savedrequest.RequestCacheAwareFilter@291cbe70, org.springframework.security.web.servletapi.SecurityContextHolderAwareRequestFilter@7e94de5f, org.springframework.security.web.authentication.AnonymousAuthenticationFilter@729d6ee2, org.springframework.security.web.session.SessionManagementFilter@166ddfb7, org.springframework.security.web.access.ExceptionTranslationFilter@70ce2fb2, org.springframework.security.web.access.intercept.FilterSecurityInterceptor@df6f19b]
2022-10-08 00:05:09 INFO  main springfox.documentation.spring.web.PropertySourcedRequestMappingHandlerMapping Mapped URL path [/v2/api-docs] onto method [springfox.documentation.swagger2.web.Swagger2Controller#getDocumentation(String, HttpServletRequest)]
2022-10-08 00:05:09 INFO  main org.springframework.scheduling.concurrent.ThreadPoolTaskExecutor Initializing ExecutorService 'applicationTaskExecutor'
2022-10-08 00:05:09 INFO  main org.apache.coyote.http11.Http11NioProtocol Starting ProtocolHandler ["http-nio-8080"]
2022-10-08 00:05:10 INFO  main org.springframework.boot.web.embedded.tomcat.TomcatWebServer Tomcat started on port(s): 8080 (http) with context path '/limi'
2022-10-08 00:05:10 INFO  main springfox.documentation.spring.web.plugins.DocumentationPluginsBootstrapper Context refreshed
2022-10-08 00:05:10 INFO  main springfox.documentation.spring.web.plugins.DocumentationPluginsBootstrapper Found 1 custom documentation plugin(s)
2022-10-08 00:05:10 INFO  main springfox.documentation.spring.web.scanners.ApiListingReferenceScanner Scanning for api listing references
2022-10-08 00:05:10 INFO  main springfox.documentation.spring.web.readers.operation.CachingOperationNameGenerator Generating unique operation named: queryAllUsingGET_1
2022-10-08 00:05:10 INFO  main springfox.documentation.spring.web.readers.operation.CachingOperationNameGenerator Generating unique operation named: queryAllPageUsingPOST_1
2022-10-08 00:05:10 INFO  main springfox.documentation.spring.web.readers.operation.CachingOperationNameGenerator Generating unique operation named: queryByIdUsingGET_1
2022-10-08 00:05:10 INFO  main springfox.documentation.spring.web.readers.operation.CachingOperationNameGenerator Generating unique operation named: queryAllUsingGET_2
2022-10-08 00:05:10 INFO  main springfox.documentation.spring.web.readers.operation.CachingOperationNameGenerator Generating unique operation named: queryAllPageUsingPOST_2
2022-10-08 00:05:10 INFO  main springfox.documentation.spring.web.readers.operation.CachingOperationNameGenerator Generating unique operation named: queryByIdUsingGET_2
2022-10-08 00:05:10 INFO  main com.tyd.BlogApplication Started BlogApplication in 3.917 seconds (JVM running for 4.664)
2022-10-08 00:05:46 INFO  SpringContextShutdownHook org.springframework.scheduling.concurrent.ThreadPoolTaskExecutor Shutting down ExecutorService 'applicationTaskExecutor'
2022-10-08 00:05:46 INFO  SpringContextShutdownHook com.alibaba.druid.pool.DruidDataSource {dataSource-1} closing ...
2022-10-08 00:05:46 INFO  SpringContextShutdownHook com.alibaba.druid.pool.DruidDataSource {dataSource-1} closed
2022-10-08 00:05:49 INFO  background-preinit org.hibernate.validator.internal.util.Version HV000001: Hibernate Validator 6.1.6.Final
2022-10-08 00:05:49 INFO  main com.tyd.BlogApplication Starting BlogApplication on DESKTOP-OP6F00V with PID 23692 (E:\javaWeb\blog\target\classes started by Administrator in E:\javaWeb\blog)
2022-10-08 00:05:49 INFO  main com.tyd.BlogApplication The following profiles are active: dev
2022-10-08 00:05:50 INFO  main org.springframework.data.repository.config.RepositoryConfigurationDelegate Multiple Spring Data modules found, entering strict repository configuration mode!
2022-10-08 00:05:50 INFO  main org.springframework.data.repository.config.RepositoryConfigurationDelegate Bootstrapping Spring Data Redis repositories in DEFAULT mode.
2022-10-08 00:05:50 INFO  main org.springframework.data.repository.config.RepositoryConfigurationDelegate Finished Spring Data repository scanning in 17ms. Found 0 Redis repository interfaces.
2022-10-08 00:05:50 INFO  main org.springframework.context.support.PostProcessorRegistrationDelegate$BeanPostProcessorChecker Bean 'redisConfig' of type [com.tyd.common.config.RedisConfig$$EnhancerBySpringCGLIB$$82d70166] is not eligible for getting processed by all BeanPostProcessors (for example: not eligible for auto-proxying)
2022-10-08 00:05:50 INFO  main org.springframework.context.support.PostProcessorRegistrationDelegate$BeanPostProcessorChecker Bean 'org.springframework.security.access.expression.method.DefaultMethodSecurityExpressionHandler@2291d9a0' of type [org.springframework.security.access.expression.method.DefaultMethodSecurityExpressionHandler] is not eligible for getting processed by all BeanPostProcessors (for example: not eligible for auto-proxying)
2022-10-08 00:05:50 INFO  main org.springframework.context.support.PostProcessorRegistrationDelegate$BeanPostProcessorChecker Bean 'methodSecurityMetadataSource' of type [org.springframework.security.access.method.DelegatingMethodSecurityMetadataSource] is not eligible for getting processed by all BeanPostProcessors (for example: not eligible for auto-proxying)
2022-10-08 00:05:50 INFO  main org.springframework.boot.web.embedded.tomcat.TomcatWebServer Tomcat initialized with port(s): 8080 (http)
2022-10-08 00:05:50 INFO  main org.apache.coyote.http11.Http11NioProtocol Initializing ProtocolHandler ["http-nio-8080"]
2022-10-08 00:05:50 INFO  main org.apache.catalina.core.StandardService Starting service [Tomcat]
2022-10-08 00:05:50 INFO  main org.apache.catalina.core.StandardEngine Starting Servlet engine: [Apache Tomcat/9.0.41]
2022-10-08 00:05:50 INFO  main org.apache.catalina.core.ContainerBase.[Tomcat].[localhost].[/limi] Initializing Spring embedded WebApplicationContext
2022-10-08 00:05:50 INFO  main org.springframework.boot.web.servlet.context.ServletWebServerApplicationContext Root WebApplicationContext: initialization completed in 1304 ms
2022-10-08 00:05:51 INFO  main com.alibaba.druid.spring.boot.autoconfigure.DruidDataSourceAutoConfigure Init DruidDataSource
2022-10-08 00:05:51 INFO  main com.alibaba.druid.pool.DruidDataSource {dataSource-1} inited
2022-10-08 00:05:52 INFO  main org.springframework.boot.autoconfigure.security.servlet.UserDetailsServiceAutoConfiguration 

Using generated security password: 956a44a1-e395-4ea0-908f-dd7c5c4fe906

2022-10-08 00:05:52 INFO  main org.springframework.security.web.DefaultSecurityFilterChain Creating filter chain: any request, [org.springframework.security.web.context.request.async.WebAsyncManagerIntegrationFilter@729d6ee2, org.springframework.security.web.context.SecurityContextPersistenceFilter@51f4439e, org.springframework.security.web.header.HeaderWriterFilter@25f14e93, com.tyd.common.filter.RequestCountFilter@372954e1, com.tyd.common.filter.SimpleTokenFilter@286a4c52, org.springframework.security.web.savedrequest.RequestCacheAwareFilter@6be422da, org.springframework.security.web.servletapi.SecurityContextHolderAwareRequestFilter@499c4d61, org.springframework.security.web.authentication.AnonymousAuthenticationFilter@4adcc981, org.springframework.security.web.session.SessionManagementFilter@5da3f32a, org.springframework.security.web.access.ExceptionTranslationFilter@64688978, org.springframework.security.web.access.intercept.FilterSecurityInterceptor@6d842877]
2022-10-08 00:05:52 INFO  main springfox.documentation.spring.web.PropertySourcedRequestMappingHandlerMapping Mapped URL path [/v2/api-docs] onto method [springfox.documentation.swagger2.web.Swagger2Controller#getDocumentation(String, HttpServletRequest)]
2022-10-08 00:05:52 INFO  main org.springframework.scheduling.concurrent.ThreadPoolTaskExecutor Initializing ExecutorService 'applicationTaskExecutor'
2022-10-08 00:05:52 INFO  main org.apache.coyote.http11.Http11NioProtocol Starting ProtocolHandler ["http-nio-8080"]
2022-10-08 00:05:52 INFO  main org.springframework.boot.web.embedded.tomcat.TomcatWebServer Tomcat started on port(s): 8080 (http) with context path '/limi'
2022-10-08 00:05:52 INFO  main springfox.documentation.spring.web.plugins.DocumentationPluginsBootstrapper Context refreshed
2022-10-08 00:05:52 INFO  main springfox.documentation.spring.web.plugins.DocumentationPluginsBootstrapper Found 1 custom documentation plugin(s)
2022-10-08 00:05:52 INFO  main springfox.documentation.spring.web.scanners.ApiListingReferenceScanner Scanning for api listing references
2022-10-08 00:05:52 INFO  main springfox.documentation.spring.web.readers.operation.CachingOperationNameGenerator Generating unique operation named: queryAllUsingGET_1
2022-10-08 00:05:52 INFO  main springfox.documentation.spring.web.readers.operation.CachingOperationNameGenerator Generating unique operation named: queryAllPageUsingPOST_1
2022-10-08 00:05:52 INFO  main springfox.documentation.spring.web.readers.operation.CachingOperationNameGenerator Generating unique operation named: queryByIdUsingGET_1
2022-10-08 00:05:52 INFO  main springfox.documentation.spring.web.readers.operation.CachingOperationNameGenerator Generating unique operation named: queryAllUsingGET_2
2022-10-08 00:05:52 INFO  main springfox.documentation.spring.web.readers.operation.CachingOperationNameGenerator Generating unique operation named: queryAllPageUsingPOST_2
2022-10-08 00:05:52 INFO  main springfox.documentation.spring.web.readers.operation.CachingOperationNameGenerator Generating unique operation named: queryByIdUsingGET_2
2022-10-08 00:05:52 INFO  main com.tyd.BlogApplication Started BlogApplication in 3.916 seconds (JVM running for 4.859)
2022-10-08 00:05:56 INFO  http-nio-8080-exec-1 org.apache.catalina.core.ContainerBase.[Tomcat].[localhost].[/limi] Initializing Spring DispatcherServlet 'dispatcherServlet'
2022-10-08 00:05:56 INFO  http-nio-8080-exec-1 org.springframework.web.servlet.DispatcherServlet Initializing Servlet 'dispatcherServlet'
2022-10-08 00:05:56 INFO  http-nio-8080-exec-1 org.springframework.web.servlet.DispatcherServlet Completed initialization in 6 ms
2022-10-08 00:05:56 INFO  http-nio-8080-exec-1 com.tyd.common.filter.SimpleTokenFilter 请求ip:127.0.0.1请求位置信息:内网IP请求的接口:/limi/image/upload请求的方法:POST请求时间：2022-10-08 00:05:56
2022-10-08 00:05:56 INFO  http-nio-8080-exec-1 com.tyd.common.util.MyFileUtil 文件输出位置null1665158756990_9666.jpg
2022-10-08 00:08:26 INFO  SpringContextShutdownHook org.springframework.scheduling.concurrent.ThreadPoolTaskExecutor Shutting down ExecutorService 'applicationTaskExecutor'
2022-10-08 00:08:26 INFO  SpringContextShutdownHook com.alibaba.druid.pool.DruidDataSource {dataSource-1} closing ...
2022-10-08 00:08:26 INFO  SpringContextShutdownHook com.alibaba.druid.pool.DruidDataSource {dataSource-1} closed
2022-10-08 00:08:31 INFO  background-preinit org.hibernate.validator.internal.util.Version HV000001: Hibernate Validator 6.1.6.Final
2022-10-08 00:08:31 INFO  main com.tyd.BlogApplication Starting BlogApplication on DESKTOP-OP6F00V with PID 32312 (E:\javaWeb\blog\target\classes started by Administrator in E:\javaWeb\blog)
2022-10-08 00:08:31 INFO  main com.tyd.BlogApplication The following profiles are active: dev
2022-10-08 00:08:32 INFO  main org.springframework.data.repository.config.RepositoryConfigurationDelegate Multiple Spring Data modules found, entering strict repository configuration mode!
2022-10-08 00:08:32 INFO  main org.springframework.data.repository.config.RepositoryConfigurationDelegate Bootstrapping Spring Data Redis repositories in DEFAULT mode.
2022-10-08 00:08:32 INFO  main org.springframework.data.repository.config.RepositoryConfigurationDelegate Finished Spring Data repository scanning in 18ms. Found 0 Redis repository interfaces.
2022-10-08 00:08:32 INFO  main org.springframework.context.support.PostProcessorRegistrationDelegate$BeanPostProcessorChecker Bean 'redisConfig' of type [com.tyd.common.config.RedisConfig$$EnhancerBySpringCGLIB$$9748d0e5] is not eligible for getting processed by all BeanPostProcessors (for example: not eligible for auto-proxying)
2022-10-08 00:08:32 INFO  main org.springframework.context.support.PostProcessorRegistrationDelegate$BeanPostProcessorChecker Bean 'org.springframework.security.access.expression.method.DefaultMethodSecurityExpressionHandler@423a0e1d' of type [org.springframework.security.access.expression.method.DefaultMethodSecurityExpressionHandler] is not eligible for getting processed by all BeanPostProcessors (for example: not eligible for auto-proxying)
2022-10-08 00:08:32 INFO  main org.springframework.context.support.PostProcessorRegistrationDelegate$BeanPostProcessorChecker Bean 'methodSecurityMetadataSource' of type [org.springframework.security.access.method.DelegatingMethodSecurityMetadataSource] is not eligible for getting processed by all BeanPostProcessors (for example: not eligible for auto-proxying)
2022-10-08 00:08:32 INFO  main org.springframework.boot.web.embedded.tomcat.TomcatWebServer Tomcat initialized with port(s): 8080 (http)
2022-10-08 00:08:32 INFO  main org.apache.coyote.http11.Http11NioProtocol Initializing ProtocolHandler ["http-nio-8080"]
2022-10-08 00:08:32 INFO  main org.apache.catalina.core.StandardService Starting service [Tomcat]
2022-10-08 00:08:32 INFO  main org.apache.catalina.core.StandardEngine Starting Servlet engine: [Apache Tomcat/9.0.41]
2022-10-08 00:08:32 INFO  main org.apache.catalina.core.ContainerBase.[Tomcat].[localhost].[/limi] Initializing Spring embedded WebApplicationContext
2022-10-08 00:08:32 INFO  main org.springframework.boot.web.servlet.context.ServletWebServerApplicationContext Root WebApplicationContext: initialization completed in 1314 ms
2022-10-08 00:08:32 INFO  main com.alibaba.druid.spring.boot.autoconfigure.DruidDataSourceAutoConfigure Init DruidDataSource
2022-10-08 00:08:33 INFO  main com.alibaba.druid.pool.DruidDataSource {dataSource-1} inited
2022-10-08 00:08:34 INFO  main org.springframework.boot.autoconfigure.security.servlet.UserDetailsServiceAutoConfiguration 

Using generated security password: 1a5807ea-190e-4323-ac9e-76be9965cd83

2022-10-08 00:08:34 INFO  main org.springframework.security.web.DefaultSecurityFilterChain Creating filter chain: any request, [org.springframework.security.web.context.request.async.WebAsyncManagerIntegrationFilter@1c8e2850, org.springframework.security.web.context.SecurityContextPersistenceFilter@22ff11ef, org.springframework.security.web.header.HeaderWriterFilter@51f4439e, com.tyd.common.filter.RequestCountFilter@722787b5, com.tyd.common.filter.SimpleTokenFilter@4d825dbe, org.springframework.security.web.savedrequest.RequestCacheAwareFilter@23d978b, org.springframework.security.web.servletapi.SecurityContextHolderAwareRequestFilter@4b511e61, org.springframework.security.web.authentication.AnonymousAuthenticationFilter@50ac1249, org.springframework.security.web.session.SessionManagementFilter@8315e4a, org.springframework.security.web.access.ExceptionTranslationFilter@5da3f32a, org.springframework.security.web.access.intercept.FilterSecurityInterceptor@1f85904a]
2022-10-08 00:08:34 INFO  main springfox.documentation.spring.web.PropertySourcedRequestMappingHandlerMapping Mapped URL path [/v2/api-docs] onto method [springfox.documentation.swagger2.web.Swagger2Controller#getDocumentation(String, HttpServletRequest)]
2022-10-08 00:08:34 INFO  main org.springframework.scheduling.concurrent.ThreadPoolTaskExecutor Initializing ExecutorService 'applicationTaskExecutor'
2022-10-08 00:08:34 INFO  main org.apache.coyote.http11.Http11NioProtocol Starting ProtocolHandler ["http-nio-8080"]
2022-10-08 00:08:34 INFO  main org.springframework.boot.web.embedded.tomcat.TomcatWebServer Tomcat started on port(s): 8080 (http) with context path '/limi'
2022-10-08 00:08:34 INFO  main springfox.documentation.spring.web.plugins.DocumentationPluginsBootstrapper Context refreshed
2022-10-08 00:08:34 INFO  main springfox.documentation.spring.web.plugins.DocumentationPluginsBootstrapper Found 1 custom documentation plugin(s)
2022-10-08 00:08:34 INFO  main springfox.documentation.spring.web.scanners.ApiListingReferenceScanner Scanning for api listing references
2022-10-08 00:08:34 INFO  main springfox.documentation.spring.web.readers.operation.CachingOperationNameGenerator Generating unique operation named: queryAllUsingGET_1
2022-10-08 00:08:34 INFO  main springfox.documentation.spring.web.readers.operation.CachingOperationNameGenerator Generating unique operation named: queryAllPageUsingPOST_1
2022-10-08 00:08:34 INFO  main springfox.documentation.spring.web.readers.operation.CachingOperationNameGenerator Generating unique operation named: queryByIdUsingGET_1
2022-10-08 00:08:34 INFO  main springfox.documentation.spring.web.readers.operation.CachingOperationNameGenerator Generating unique operation named: queryAllUsingGET_2
2022-10-08 00:08:34 INFO  main springfox.documentation.spring.web.readers.operation.CachingOperationNameGenerator Generating unique operation named: queryAllPageUsingPOST_2
2022-10-08 00:08:34 INFO  main springfox.documentation.spring.web.readers.operation.CachingOperationNameGenerator Generating unique operation named: queryByIdUsingGET_2
2022-10-08 00:08:34 INFO  main com.tyd.BlogApplication Started BlogApplication in 3.981 seconds (JVM running for 5.027)
2022-10-08 00:08:38 INFO  http-nio-8080-exec-1 org.apache.catalina.core.ContainerBase.[Tomcat].[localhost].[/limi] Initializing Spring DispatcherServlet 'dispatcherServlet'
2022-10-08 00:08:38 INFO  http-nio-8080-exec-1 org.springframework.web.servlet.DispatcherServlet Initializing Servlet 'dispatcherServlet'
2022-10-08 00:08:38 INFO  http-nio-8080-exec-1 org.springframework.web.servlet.DispatcherServlet Completed initialization in 5 ms
2022-10-08 00:08:39 INFO  http-nio-8080-exec-1 com.tyd.common.filter.SimpleTokenFilter 请求ip:127.0.0.1请求位置信息:内网IP请求的接口:/limi/image/upload请求的方法:POST请求时间：2022-10-08 00:08:39
2022-10-08 00:08:39 INFO  http-nio-8080-exec-1 com.tyd.common.util.MyFileUtil 文件输出位置E:\javaWeb\blog\pic1665158919104_3774.jpg
2022-10-08 00:08:50 INFO  SpringContextShutdownHook org.springframework.scheduling.concurrent.ThreadPoolTaskExecutor Shutting down ExecutorService 'applicationTaskExecutor'
2022-10-08 00:08:50 INFO  SpringContextShutdownHook com.alibaba.druid.pool.DruidDataSource {dataSource-1} closing ...
2022-10-08 00:08:50 INFO  SpringContextShutdownHook com.alibaba.druid.pool.DruidDataSource {dataSource-1} closed
2022-10-08 00:08:54 INFO  background-preinit org.hibernate.validator.internal.util.Version HV000001: Hibernate Validator 6.1.6.Final
2022-10-08 00:08:54 INFO  main com.tyd.BlogApplication Starting BlogApplication on DESKTOP-OP6F00V with PID 25544 (E:\javaWeb\blog\target\classes started by Administrator in E:\javaWeb\blog)
2022-10-08 00:08:54 INFO  main com.tyd.BlogApplication The following profiles are active: dev
2022-10-08 00:08:55 INFO  main org.springframework.data.repository.config.RepositoryConfigurationDelegate Multiple Spring Data modules found, entering strict repository configuration mode!
2022-10-08 00:08:55 INFO  main org.springframework.data.repository.config.RepositoryConfigurationDelegate Bootstrapping Spring Data Redis repositories in DEFAULT mode.
2022-10-08 00:08:55 INFO  main org.springframework.data.repository.config.RepositoryConfigurationDelegate Finished Spring Data repository scanning in 18ms. Found 0 Redis repository interfaces.
2022-10-08 00:08:55 INFO  main org.springframework.context.support.PostProcessorRegistrationDelegate$BeanPostProcessorChecker Bean 'redisConfig' of type [com.tyd.common.config.RedisConfig$$EnhancerBySpringCGLIB$$af660f46] is not eligible for getting processed by all BeanPostProcessors (for example: not eligible for auto-proxying)
2022-10-08 00:08:55 INFO  main org.springframework.context.support.PostProcessorRegistrationDelegate$BeanPostProcessorChecker Bean 'org.springframework.security.access.expression.method.DefaultMethodSecurityExpressionHandler@7a8341c1' of type [org.springframework.security.access.expression.method.DefaultMethodSecurityExpressionHandler] is not eligible for getting processed by all BeanPostProcessors (for example: not eligible for auto-proxying)
2022-10-08 00:08:55 INFO  main org.springframework.context.support.PostProcessorRegistrationDelegate$BeanPostProcessorChecker Bean 'methodSecurityMetadataSource' of type [org.springframework.security.access.method.DelegatingMethodSecurityMetadataSource] is not eligible for getting processed by all BeanPostProcessors (for example: not eligible for auto-proxying)
2022-10-08 00:08:56 INFO  main org.springframework.boot.web.embedded.tomcat.TomcatWebServer Tomcat initialized with port(s): 8080 (http)
2022-10-08 00:08:56 INFO  main org.apache.coyote.http11.Http11NioProtocol Initializing ProtocolHandler ["http-nio-8080"]
2022-10-08 00:08:56 INFO  main org.apache.catalina.core.StandardService Starting service [Tomcat]
2022-10-08 00:08:56 INFO  main org.apache.catalina.core.StandardEngine Starting Servlet engine: [Apache Tomcat/9.0.41]
2022-10-08 00:08:56 INFO  main org.apache.catalina.core.ContainerBase.[Tomcat].[localhost].[/limi] Initializing Spring embedded WebApplicationContext
2022-10-08 00:08:56 INFO  main org.springframework.boot.web.servlet.context.ServletWebServerApplicationContext Root WebApplicationContext: initialization completed in 1320 ms
2022-10-08 00:08:56 INFO  main com.alibaba.druid.spring.boot.autoconfigure.DruidDataSourceAutoConfigure Init DruidDataSource
2022-10-08 00:08:56 INFO  main com.alibaba.druid.pool.DruidDataSource {dataSource-1} inited
2022-10-08 00:08:57 INFO  main org.springframework.boot.autoconfigure.security.servlet.UserDetailsServiceAutoConfiguration 

Using generated security password: ba8ed7d2-ba23-49af-b7e0-44ee7af2eb79

2022-10-08 00:08:57 INFO  main org.springframework.security.web.DefaultSecurityFilterChain Creating filter chain: any request, [org.springframework.security.web.context.request.async.WebAsyncManagerIntegrationFilter@6ef4297d, org.springframework.security.web.context.SecurityContextPersistenceFilter@7ef4aceb, org.springframework.security.web.header.HeaderWriterFilter@3dc2f14, com.tyd.common.filter.RequestCountFilter@7d47dfed, com.tyd.common.filter.SimpleTokenFilter@686b1e2d, org.springframework.security.web.savedrequest.RequestCacheAwareFilter@683fe7b5, org.springframework.security.web.servletapi.SecurityContextHolderAwareRequestFilter@1bea7b0, org.springframework.security.web.authentication.AnonymousAuthenticationFilter@4c000cc4, org.springframework.security.web.session.SessionManagementFilter@1818390b, org.springframework.security.web.access.ExceptionTranslationFilter@5615f82d, org.springframework.security.web.access.intercept.FilterSecurityInterceptor@236a4d30]
2022-10-08 00:08:57 INFO  main springfox.documentation.spring.web.PropertySourcedRequestMappingHandlerMapping Mapped URL path [/v2/api-docs] onto method [springfox.documentation.swagger2.web.Swagger2Controller#getDocumentation(String, HttpServletRequest)]
2022-10-08 00:08:57 INFO  main org.springframework.scheduling.concurrent.ThreadPoolTaskExecutor Initializing ExecutorService 'applicationTaskExecutor'
2022-10-08 00:08:58 INFO  main org.apache.coyote.http11.Http11NioProtocol Starting ProtocolHandler ["http-nio-8080"]
2022-10-08 00:08:58 INFO  main org.springframework.boot.web.embedded.tomcat.TomcatWebServer Tomcat started on port(s): 8080 (http) with context path '/limi'
2022-10-08 00:08:58 INFO  main springfox.documentation.spring.web.plugins.DocumentationPluginsBootstrapper Context refreshed
2022-10-08 00:08:58 INFO  main springfox.documentation.spring.web.plugins.DocumentationPluginsBootstrapper Found 1 custom documentation plugin(s)
2022-10-08 00:08:58 INFO  main springfox.documentation.spring.web.scanners.ApiListingReferenceScanner Scanning for api listing references
2022-10-08 00:08:58 INFO  main springfox.documentation.spring.web.readers.operation.CachingOperationNameGenerator Generating unique operation named: queryAllUsingGET_1
2022-10-08 00:08:58 INFO  main springfox.documentation.spring.web.readers.operation.CachingOperationNameGenerator Generating unique operation named: queryAllPageUsingPOST_1
2022-10-08 00:08:58 INFO  main springfox.documentation.spring.web.readers.operation.CachingOperationNameGenerator Generating unique operation named: queryByIdUsingGET_1
2022-10-08 00:08:58 INFO  main springfox.documentation.spring.web.readers.operation.CachingOperationNameGenerator Generating unique operation named: queryAllUsingGET_2
2022-10-08 00:08:58 INFO  main springfox.documentation.spring.web.readers.operation.CachingOperationNameGenerator Generating unique operation named: queryAllPageUsingPOST_2
2022-10-08 00:08:58 INFO  main springfox.documentation.spring.web.readers.operation.CachingOperationNameGenerator Generating unique operation named: queryByIdUsingGET_2
2022-10-08 00:08:58 INFO  main com.tyd.BlogApplication Started BlogApplication in 3.964 seconds (JVM running for 4.766)
2022-10-08 00:09:02 INFO  http-nio-8080-exec-1 org.apache.catalina.core.ContainerBase.[Tomcat].[localhost].[/limi] Initializing Spring DispatcherServlet 'dispatcherServlet'
2022-10-08 00:09:02 INFO  http-nio-8080-exec-1 org.springframework.web.servlet.DispatcherServlet Initializing Servlet 'dispatcherServlet'
2022-10-08 00:09:02 INFO  http-nio-8080-exec-1 org.springframework.web.servlet.DispatcherServlet Completed initialization in 5 ms
2022-10-08 00:09:03 INFO  http-nio-8080-exec-1 com.tyd.common.filter.SimpleTokenFilter 请求ip:127.0.0.1请求位置信息:内网IP请求的接口:/limi/image/upload请求的方法:POST请求时间：2022-10-08 00:09:03
2022-10-08 00:09:03 INFO  http-nio-8080-exec-1 com.tyd.common.util.MyFileUtil 文件输出位置E:\javaWeb\blog\pic\1665158943181_1075.jpg
2022-10-08 00:11:02 INFO  SpringContextShutdownHook org.springframework.scheduling.concurrent.ThreadPoolTaskExecutor Shutting down ExecutorService 'applicationTaskExecutor'
2022-10-08 00:11:02 INFO  SpringContextShutdownHook com.alibaba.druid.pool.DruidDataSource {dataSource-1} closing ...
2022-10-08 00:11:02 INFO  SpringContextShutdownHook com.alibaba.druid.pool.DruidDataSource {dataSource-1} closed
2022-10-08 00:11:06 INFO  background-preinit org.hibernate.validator.internal.util.Version HV000001: Hibernate Validator 6.1.6.Final
2022-10-08 00:11:06 INFO  main com.tyd.BlogApplication Starting BlogApplication on DESKTOP-OP6F00V with PID 17072 (E:\javaWeb\blog\target\classes started by Administrator in E:\javaWeb\blog)
2022-10-08 00:11:06 INFO  main com.tyd.BlogApplication The following profiles are active: dev
2022-10-08 00:11:07 INFO  main org.springframework.data.repository.config.RepositoryConfigurationDelegate Multiple Spring Data modules found, entering strict repository configuration mode!
2022-10-08 00:11:07 INFO  main org.springframework.data.repository.config.RepositoryConfigurationDelegate Bootstrapping Spring Data Redis repositories in DEFAULT mode.
2022-10-08 00:11:07 INFO  main org.springframework.data.repository.config.RepositoryConfigurationDelegate Finished Spring Data repository scanning in 17ms. Found 0 Redis repository interfaces.
2022-10-08 00:11:07 INFO  main org.springframework.context.support.PostProcessorRegistrationDelegate$BeanPostProcessorChecker Bean 'redisConfig' of type [com.tyd.common.config.RedisConfig$$EnhancerBySpringCGLIB$$c1c572c2] is not eligible for getting processed by all BeanPostProcessors (for example: not eligible for auto-proxying)
2022-10-08 00:11:07 INFO  main org.springframework.context.support.PostProcessorRegistrationDelegate$BeanPostProcessorChecker Bean 'org.springframework.security.access.expression.method.DefaultMethodSecurityExpressionHandler@66bf40e5' of type [org.springframework.security.access.expression.method.DefaultMethodSecurityExpressionHandler] is not eligible for getting processed by all BeanPostProcessors (for example: not eligible for auto-proxying)
2022-10-08 00:11:07 INFO  main org.springframework.context.support.PostProcessorRegistrationDelegate$BeanPostProcessorChecker Bean 'methodSecurityMetadataSource' of type [org.springframework.security.access.method.DelegatingMethodSecurityMetadataSource] is not eligible for getting processed by all BeanPostProcessors (for example: not eligible for auto-proxying)
2022-10-08 00:11:08 INFO  main org.springframework.boot.web.embedded.tomcat.TomcatWebServer Tomcat initialized with port(s): 8080 (http)
2022-10-08 00:11:08 INFO  main org.apache.coyote.http11.Http11NioProtocol Initializing ProtocolHandler ["http-nio-8080"]
2022-10-08 00:11:08 INFO  main org.apache.catalina.core.StandardService Starting service [Tomcat]
2022-10-08 00:11:08 INFO  main org.apache.catalina.core.StandardEngine Starting Servlet engine: [Apache Tomcat/9.0.41]
2022-10-08 00:11:08 INFO  main org.apache.catalina.core.ContainerBase.[Tomcat].[localhost].[/limi] Initializing Spring embedded WebApplicationContext
2022-10-08 00:11:08 INFO  main org.springframework.boot.web.servlet.context.ServletWebServerApplicationContext Root WebApplicationContext: initialization completed in 1330 ms
2022-10-08 00:11:08 INFO  main com.alibaba.druid.spring.boot.autoconfigure.DruidDataSourceAutoConfigure Init DruidDataSource
2022-10-08 00:11:08 INFO  main com.alibaba.druid.pool.DruidDataSource {dataSource-1} inited
2022-10-08 00:11:09 INFO  main org.springframework.boot.autoconfigure.security.servlet.UserDetailsServiceAutoConfiguration 

Using generated security password: 649fd44c-88e8-4dcf-892f-6acc3194fdd2

2022-10-08 00:11:09 INFO  main org.springframework.security.web.DefaultSecurityFilterChain Creating filter chain: any request, [org.springframework.security.web.context.request.async.WebAsyncManagerIntegrationFilter@bea5941, org.springframework.security.web.context.SecurityContextPersistenceFilter@5e055ce1, org.springframework.security.web.header.HeaderWriterFilter@35d4035f, com.tyd.common.filter.RequestCountFilter@173511ff, com.tyd.common.filter.SimpleTokenFilter@43fd77d8, org.springframework.security.web.savedrequest.RequestCacheAwareFilter@545f0b6, org.springframework.security.web.servletapi.SecurityContextHolderAwareRequestFilter@51f4439e, org.springframework.security.web.authentication.AnonymousAuthenticationFilter@df6f19b, org.springframework.security.web.session.SessionManagementFilter@4a6facb0, org.springframework.security.web.access.ExceptionTranslationFilter@61bd0845, org.springframework.security.web.access.intercept.FilterSecurityInterceptor@b81938d]
2022-10-08 00:11:09 INFO  main springfox.documentation.spring.web.PropertySourcedRequestMappingHandlerMapping Mapped URL path [/v2/api-docs] onto method [springfox.documentation.swagger2.web.Swagger2Controller#getDocumentation(String, HttpServletRequest)]
2022-10-08 00:11:09 INFO  main org.springframework.scheduling.concurrent.ThreadPoolTaskExecutor Initializing ExecutorService 'applicationTaskExecutor'
2022-10-08 00:11:10 INFO  main org.apache.coyote.http11.Http11NioProtocol Starting ProtocolHandler ["http-nio-8080"]
2022-10-08 00:11:10 INFO  main org.springframework.boot.web.embedded.tomcat.TomcatWebServer Tomcat started on port(s): 8080 (http) with context path '/limi'
2022-10-08 00:11:10 INFO  main springfox.documentation.spring.web.plugins.DocumentationPluginsBootstrapper Context refreshed
2022-10-08 00:11:10 INFO  main springfox.documentation.spring.web.plugins.DocumentationPluginsBootstrapper Found 1 custom documentation plugin(s)
2022-10-08 00:11:10 INFO  main springfox.documentation.spring.web.scanners.ApiListingReferenceScanner Scanning for api listing references
2022-10-08 00:11:10 INFO  main springfox.documentation.spring.web.readers.operation.CachingOperationNameGenerator Generating unique operation named: queryAllUsingGET_1
2022-10-08 00:11:10 INFO  main springfox.documentation.spring.web.readers.operation.CachingOperationNameGenerator Generating unique operation named: queryAllPageUsingPOST_1
2022-10-08 00:11:10 INFO  main springfox.documentation.spring.web.readers.operation.CachingOperationNameGenerator Generating unique operation named: queryByIdUsingGET_1
2022-10-08 00:11:10 INFO  main springfox.documentation.spring.web.readers.operation.CachingOperationNameGenerator Generating unique operation named: queryAllUsingGET_2
2022-10-08 00:11:10 INFO  main springfox.documentation.spring.web.readers.operation.CachingOperationNameGenerator Generating unique operation named: queryAllPageUsingPOST_2
2022-10-08 00:11:10 INFO  main springfox.documentation.spring.web.readers.operation.CachingOperationNameGenerator Generating unique operation named: queryByIdUsingGET_2
2022-10-08 00:11:10 INFO  main com.tyd.BlogApplication Started BlogApplication in 4.001 seconds (JVM running for 4.904)
2022-10-08 00:11:17 INFO  http-nio-8080-exec-1 org.apache.catalina.core.ContainerBase.[Tomcat].[localhost].[/limi] Initializing Spring DispatcherServlet 'dispatcherServlet'
2022-10-08 00:11:17 INFO  http-nio-8080-exec-1 org.springframework.web.servlet.DispatcherServlet Initializing Servlet 'dispatcherServlet'
2022-10-08 00:11:17 INFO  http-nio-8080-exec-1 org.springframework.web.servlet.DispatcherServlet Completed initialization in 6 ms
2022-10-08 00:11:18 INFO  http-nio-8080-exec-1 com.tyd.common.filter.SimpleTokenFilter 请求ip:127.0.0.1请求位置信息:内网IP请求的接口:/limi/image/upload请求的方法:POST请求时间：2022-10-08 00:11:18
2022-10-08 00:11:18 INFO  http-nio-8080-exec-1 com.tyd.common.util.MyFileUtil 文件输出位置E:\javaWeb\blog\pic\1665159078671_4832.jpg
2022-10-08 00:12:36 INFO  SpringContextShutdownHook org.springframework.scheduling.concurrent.ThreadPoolTaskExecutor Shutting down ExecutorService 'applicationTaskExecutor'
2022-10-08 00:12:36 INFO  SpringContextShutdownHook com.alibaba.druid.pool.DruidDataSource {dataSource-1} closing ...
2022-10-08 00:12:36 INFO  SpringContextShutdownHook com.alibaba.druid.pool.DruidDataSource {dataSource-1} closed
2022-10-08 00:12:40 INFO  background-preinit org.hibernate.validator.internal.util.Version HV000001: Hibernate Validator 6.1.6.Final
2022-10-08 00:12:40 INFO  main com.tyd.BlogApplication Starting BlogApplication on DESKTOP-OP6F00V with PID 13692 (E:\javaWeb\blog\target\classes started by Administrator in E:\javaWeb\blog)
2022-10-08 00:12:40 INFO  main com.tyd.BlogApplication The following profiles are active: dev
2022-10-08 00:12:41 INFO  main org.springframework.data.repository.config.RepositoryConfigurationDelegate Multiple Spring Data modules found, entering strict repository configuration mode!
2022-10-08 00:12:41 INFO  main org.springframework.data.repository.config.RepositoryConfigurationDelegate Bootstrapping Spring Data Redis repositories in DEFAULT mode.
2022-10-08 00:12:41 INFO  main org.springframework.data.repository.config.RepositoryConfigurationDelegate Finished Spring Data repository scanning in 17ms. Found 0 Redis repository interfaces.
2022-10-08 00:12:41 INFO  main org.springframework.context.support.PostProcessorRegistrationDelegate$BeanPostProcessorChecker Bean 'redisConfig' of type [com.tyd.common.config.RedisConfig$$EnhancerBySpringCGLIB$$56ff5b34] is not eligible for getting processed by all BeanPostProcessors (for example: not eligible for auto-proxying)
2022-10-08 00:12:41 INFO  main org.springframework.context.support.PostProcessorRegistrationDelegate$BeanPostProcessorChecker Bean 'org.springframework.security.access.expression.method.DefaultMethodSecurityExpressionHandler@68b734a8' of type [org.springframework.security.access.expression.method.DefaultMethodSecurityExpressionHandler] is not eligible for getting processed by all BeanPostProcessors (for example: not eligible for auto-proxying)
2022-10-08 00:12:41 INFO  main org.springframework.context.support.PostProcessorRegistrationDelegate$BeanPostProcessorChecker Bean 'methodSecurityMetadataSource' of type [org.springframework.security.access.method.DelegatingMethodSecurityMetadataSource] is not eligible for getting processed by all BeanPostProcessors (for example: not eligible for auto-proxying)
2022-10-08 00:12:41 INFO  main org.springframework.boot.web.embedded.tomcat.TomcatWebServer Tomcat initialized with port(s): 8080 (http)
2022-10-08 00:12:41 INFO  main org.apache.coyote.http11.Http11NioProtocol Initializing ProtocolHandler ["http-nio-8080"]
2022-10-08 00:12:41 INFO  main org.apache.catalina.core.StandardService Starting service [Tomcat]
2022-10-08 00:12:41 INFO  main org.apache.catalina.core.StandardEngine Starting Servlet engine: [Apache Tomcat/9.0.41]
2022-10-08 00:12:42 INFO  main org.apache.catalina.core.ContainerBase.[Tomcat].[localhost].[/limi] Initializing Spring embedded WebApplicationContext
2022-10-08 00:12:42 INFO  main org.springframework.boot.web.servlet.context.ServletWebServerApplicationContext Root WebApplicationContext: initialization completed in 1296 ms
2022-10-08 00:12:42 INFO  main com.alibaba.druid.spring.boot.autoconfigure.DruidDataSourceAutoConfigure Init DruidDataSource
2022-10-08 00:12:42 INFO  main com.alibaba.druid.pool.DruidDataSource {dataSource-1} inited
2022-10-08 00:12:43 INFO  main org.springframework.boot.autoconfigure.security.servlet.UserDetailsServiceAutoConfiguration 

Using generated security password: 675f8d89-08c2-41d0-9a83-6b2ee9187a84

2022-10-08 00:12:43 INFO  main org.springframework.security.web.DefaultSecurityFilterChain Creating filter chain: any request, [org.springframework.security.web.context.request.async.WebAsyncManagerIntegrationFilter@12532e37, org.springframework.security.web.context.SecurityContextPersistenceFilter@312819ae, org.springframework.security.web.header.HeaderWriterFilter@77a4bac, com.tyd.common.filter.RequestCountFilter@30159886, com.tyd.common.filter.SimpleTokenFilter@5529522f, org.springframework.security.web.savedrequest.RequestCacheAwareFilter@1cab19e2, org.springframework.security.web.servletapi.SecurityContextHolderAwareRequestFilter@d3d5094, org.springframework.security.web.authentication.AnonymousAuthenticationFilter@401b67a9, org.springframework.security.web.session.SessionManagementFilter@72e49f6a, org.springframework.security.web.access.ExceptionTranslationFilter@924f3f1, org.springframework.security.web.access.intercept.FilterSecurityInterceptor@57a5b03]
2022-10-08 00:12:43 INFO  main springfox.documentation.spring.web.PropertySourcedRequestMappingHandlerMapping Mapped URL path [/v2/api-docs] onto method [springfox.documentation.swagger2.web.Swagger2Controller#getDocumentation(String, HttpServletRequest)]
2022-10-08 00:12:43 INFO  main org.springframework.scheduling.concurrent.ThreadPoolTaskExecutor Initializing ExecutorService 'applicationTaskExecutor'
2022-10-08 00:12:43 INFO  main org.apache.coyote.http11.Http11NioProtocol Starting ProtocolHandler ["http-nio-8080"]
2022-10-08 00:12:44 INFO  main org.springframework.boot.web.embedded.tomcat.TomcatWebServer Tomcat started on port(s): 8080 (http) with context path '/limi'
2022-10-08 00:12:44 INFO  main springfox.documentation.spring.web.plugins.DocumentationPluginsBootstrapper Context refreshed
2022-10-08 00:12:44 INFO  main springfox.documentation.spring.web.plugins.DocumentationPluginsBootstrapper Found 1 custom documentation plugin(s)
2022-10-08 00:12:44 INFO  main springfox.documentation.spring.web.scanners.ApiListingReferenceScanner Scanning for api listing references
2022-10-08 00:12:44 INFO  main springfox.documentation.spring.web.readers.operation.CachingOperationNameGenerator Generating unique operation named: queryAllUsingGET_1
2022-10-08 00:12:44 INFO  main springfox.documentation.spring.web.readers.operation.CachingOperationNameGenerator Generating unique operation named: queryAllPageUsingPOST_1
2022-10-08 00:12:44 INFO  main springfox.documentation.spring.web.readers.operation.CachingOperationNameGenerator Generating unique operation named: queryByIdUsingGET_1
2022-10-08 00:12:44 INFO  main springfox.documentation.spring.web.readers.operation.CachingOperationNameGenerator Generating unique operation named: queryAllUsingGET_2
2022-10-08 00:12:44 INFO  main springfox.documentation.spring.web.readers.operation.CachingOperationNameGenerator Generating unique operation named: queryAllPageUsingPOST_2
2022-10-08 00:12:44 INFO  main springfox.documentation.spring.web.readers.operation.CachingOperationNameGenerator Generating unique operation named: queryByIdUsingGET_2
2022-10-08 00:12:44 INFO  main com.tyd.BlogApplication Started BlogApplication in 3.882 seconds (JVM running for 4.72)
2022-10-08 00:12:48 INFO  http-nio-8080-exec-1 org.apache.catalina.core.ContainerBase.[Tomcat].[localhost].[/limi] Initializing Spring DispatcherServlet 'dispatcherServlet'
2022-10-08 00:12:48 INFO  http-nio-8080-exec-1 org.springframework.web.servlet.DispatcherServlet Initializing Servlet 'dispatcherServlet'
2022-10-08 00:12:48 INFO  http-nio-8080-exec-1 org.springframework.web.servlet.DispatcherServlet Completed initialization in 5 ms
2022-10-08 00:12:49 INFO  http-nio-8080-exec-1 com.tyd.common.filter.SimpleTokenFilter 请求ip:127.0.0.1请求位置信息:内网IP请求的接口:/limi/image/upload请求的方法:POST请求时间：2022-10-08 00:12:49
2022-10-08 00:12:49 INFO  http-nio-8080-exec-1 com.tyd.common.util.MyFileUtil 文件输出位置E:\javaWeb\blog\pic\1665159169274_5552.jpg
