2023-05-04 13:08:02 INFO  background-preinit org.hibernate.validator.internal.util.Version HV000001: Hibernate Validator 6.1.6.Final
2023-05-04 13:08:02 INFO  main com.tyd.BlogApplication Starting BlogApplication on DESKTOP-Q3BBMJP with PID 23772 (E:\javaWeb\blog\target\classes started by 16012 in E:\javaWeb\blog)
2023-05-04 13:08:02 INFO  main com.tyd.BlogApplication The following profiles are active: dev
2023-05-04 13:08:03 INFO  main org.springframework.data.repository.config.RepositoryConfigurationDelegate Multiple Spring Data modules found, entering strict repository configuration mode!
2023-05-04 13:08:03 INFO  main org.springframework.data.repository.config.RepositoryConfigurationDelegate Bootstrapping Spring Data Redis repositories in DEFAULT mode.
2023-05-04 13:08:03 INFO  main org.springframework.data.repository.config.RepositoryConfigurationDelegate Finished Spring Data repository scanning in 20ms. Found 0 Redis repository interfaces.
2023-05-04 13:08:03 INFO  main org.springframework.context.support.PostProcessorRegistrationDelegate$BeanPostProcessorChecker Bean 'redisConfig' of type [com.tyd.common.config.RedisConfig$$EnhancerBySpringCGLIB$$1fc2a639] is not eligible for getting processed by all BeanPostProcessors (for example: not eligible for auto-proxying)
2023-05-04 13:08:03 INFO  main org.springframework.context.support.PostProcessorRegistrationDelegate$BeanPostProcessorChecker Bean 'org.springframework.security.access.expression.method.DefaultMethodSecurityExpressionHandler@3aed69dd' of type [org.springframework.security.access.expression.method.DefaultMethodSecurityExpressionHandler] is not eligible for getting processed by all BeanPostProcessors (for example: not eligible for auto-proxying)
2023-05-04 13:08:03 INFO  main org.springframework.context.support.PostProcessorRegistrationDelegate$BeanPostProcessorChecker Bean 'methodSecurityMetadataSource' of type [org.springframework.security.access.method.DelegatingMethodSecurityMetadataSource] is not eligible for getting processed by all BeanPostProcessors (for example: not eligible for auto-proxying)
2023-05-04 13:08:04 INFO  main org.springframework.boot.web.embedded.tomcat.TomcatWebServer Tomcat initialized with port(s): 8080 (http)
2023-05-04 13:08:04 INFO  main org.apache.coyote.http11.Http11NioProtocol Initializing ProtocolHandler ["http-nio-8080"]
2023-05-04 13:08:04 INFO  main org.apache.catalina.core.StandardService Starting service [Tomcat]
2023-05-04 13:08:04 INFO  main org.apache.catalina.core.StandardEngine Starting Servlet engine: [Apache Tomcat/9.0.41]
2023-05-04 13:08:04 INFO  main org.apache.catalina.core.ContainerBase.[Tomcat].[localhost].[/limi] Initializing Spring embedded WebApplicationContext
2023-05-04 13:08:04 INFO  main org.springframework.boot.web.servlet.context.ServletWebServerApplicationContext Root WebApplicationContext: initialization completed in 1817 ms
2023-05-04 13:08:04 INFO  main com.alibaba.druid.spring.boot.autoconfigure.DruidDataSourceAutoConfigure Init DruidDataSource
2023-05-04 13:08:05 INFO  main com.alibaba.druid.pool.DruidDataSource {dataSource-1} inited
2023-05-04 13:08:06 INFO  main com.tyd.common.util.MinioUtil 默认存储桶已存在
2023-05-04 13:08:07 INFO  main org.springframework.boot.autoconfigure.security.servlet.UserDetailsServiceAutoConfiguration 

Using generated security password: 406027e2-a779-477c-bc5a-d7542e0b26a6

2023-05-04 13:08:07 INFO  main org.springframework.security.web.DefaultSecurityFilterChain Creating filter chain: any request, [org.springframework.security.web.context.request.async.WebAsyncManagerIntegrationFilter@291028d7, org.springframework.security.web.context.SecurityContextPersistenceFilter@53b907d9, org.springframework.security.web.header.HeaderWriterFilter@447543ee, com.tyd.common.filter.RequestCountFilter@23ea8830, com.tyd.common.filter.SimpleTokenFilter@4fea5ee0, org.springframework.security.web.savedrequest.RequestCacheAwareFilter@6296e4bf, org.springframework.security.web.servletapi.SecurityContextHolderAwareRequestFilter@6065bcb7, org.springframework.security.web.authentication.AnonymousAuthenticationFilter@2b4954a4, org.springframework.security.web.session.SessionManagementFilter@6d946eee, org.springframework.security.web.access.ExceptionTranslationFilter@8e00c02, org.springframework.security.web.access.intercept.FilterSecurityInterceptor@1322b542]
2023-05-04 13:08:07 INFO  main springfox.documentation.spring.web.PropertySourcedRequestMappingHandlerMapping Mapped URL path [/v2/api-docs] onto method [springfox.documentation.swagger2.web.Swagger2Controller#getDocumentation(String, HttpServletRequest)]
2023-05-04 13:08:07 INFO  main org.springframework.scheduling.concurrent.ThreadPoolTaskExecutor Initializing ExecutorService 'applicationTaskExecutor'
2023-05-04 13:08:08 INFO  main org.apache.coyote.http11.Http11NioProtocol Starting ProtocolHandler ["http-nio-8080"]
2023-05-04 13:08:08 INFO  main org.springframework.boot.web.embedded.tomcat.TomcatWebServer Tomcat started on port(s): 8080 (http) with context path '/limi'
2023-05-04 13:08:08 INFO  main springfox.documentation.spring.web.plugins.DocumentationPluginsBootstrapper Context refreshed
2023-05-04 13:08:08 INFO  main springfox.documentation.spring.web.plugins.DocumentationPluginsBootstrapper Found 1 custom documentation plugin(s)
2023-05-04 13:08:08 INFO  main springfox.documentation.spring.web.scanners.ApiListingReferenceScanner Scanning for api listing references
2023-05-04 13:08:08 INFO  main springfox.documentation.spring.web.readers.operation.CachingOperationNameGenerator Generating unique operation named: queryAllUsingGET_1
2023-05-04 13:08:08 INFO  main springfox.documentation.spring.web.readers.operation.CachingOperationNameGenerator Generating unique operation named: queryAllPageUsingPOST_1
2023-05-04 13:08:08 INFO  main springfox.documentation.spring.web.readers.operation.CachingOperationNameGenerator Generating unique operation named: queryAllUsingGET_2
2023-05-04 13:08:08 INFO  main springfox.documentation.spring.web.readers.operation.CachingOperationNameGenerator Generating unique operation named: queryAllPageUsingPOST_2
2023-05-04 13:08:08 INFO  main springfox.documentation.spring.web.readers.operation.CachingOperationNameGenerator Generating unique operation named: queryByIdUsingGET_1
2023-05-04 13:08:08 INFO  main springfox.documentation.spring.web.readers.operation.CachingOperationNameGenerator Generating unique operation named: queryAllUsingGET_3
2023-05-04 13:08:08 INFO  main springfox.documentation.spring.web.readers.operation.CachingOperationNameGenerator Generating unique operation named: queryAllPageUsingPOST_3
2023-05-04 13:08:08 INFO  main springfox.documentation.spring.web.readers.operation.CachingOperationNameGenerator Generating unique operation named: queryByIdUsingGET_2
2023-05-04 13:08:08 INFO  main com.tyd.BlogApplication Started BlogApplication in 6.308 seconds (JVM running for 7.705)
2023-05-04 13:08:13 INFO  http-nio-8080-exec-1 org.apache.catalina.core.ContainerBase.[Tomcat].[localhost].[/limi] Initializing Spring DispatcherServlet 'dispatcherServlet'
2023-05-04 13:08:13 INFO  http-nio-8080-exec-1 org.springframework.web.servlet.DispatcherServlet Initializing Servlet 'dispatcherServlet'
2023-05-04 13:08:13 INFO  http-nio-8080-exec-1 org.springframework.web.servlet.DispatcherServlet Completed initialization in 7 ms
2023-05-04 13:08:13 INFO  http-nio-8080-exec-1 com.tyd.common.filter.SimpleTokenFilter 请求ip:127.0.0.1请求位置信息:内网IP请求的接口:/limi/search/user请求的方法:POST请求时间：2023-05-04 13:08:13认证信息：Bearer eyJhbGciOiJIUzI1NiIsImJsb2ciOiJqd3QifQ.eyJ1c2VybmFtZSI6IuWwj-WwjyIsInJvbGUiOiJ1c2VyIiwidXNlciI6eyJpZCI6NiwidXNlcklkIjo3MDUwNzM0MDIzODI3NjU2NzA0LCJ1c2VybmFtZSI6IuWwj-WwjyIsInBhc3N3b3JkIjoiMTIzNDU2IiwiZW1haWwiOm51bGwsInBob25lIjpudWxsLCJzZXgiOm51bGwsInJvbGUiOiJ1c2VyIiwiY3JlYXRlVGltZSI6MTY4MjY5MDI3OTAwMCwiYXZhdGFySWQiOjI3LCJhdmF0YXJVcmwiOiJodHRwOi8vNDcuMTAyLjE0OC4xNDo5MDAwL2F2YXRhci8yMDIzLTA0LzI4L2MyOWZhZjdjYTBkODRjNzM4NjViYmM0MmUyNTg5MGFjLmpwZyJ9LCJleHAiOjE2ODMxMDAyMDcsImp0aSI6IjIzMzRmN2U3NTNlODQ4OTk5MDhlMjllNDMxNzk2ZjNkIn0.V7LlEE4chcRUUohyXSuEl5lPWl1PpmQ48VxBYCVPpwg
2023-05-04 13:14:25 INFO  SpringContextShutdownHook org.springframework.scheduling.concurrent.ThreadPoolTaskExecutor Shutting down ExecutorService 'applicationTaskExecutor'
2023-05-04 13:14:25 INFO  SpringContextShutdownHook com.alibaba.druid.pool.DruidDataSource {dataSource-1} closing ...
2023-05-04 13:14:25 INFO  SpringContextShutdownHook com.alibaba.druid.pool.DruidDataSource {dataSource-1} closed
2023-05-04 13:14:30 INFO  background-preinit org.hibernate.validator.internal.util.Version HV000001: Hibernate Validator 6.1.6.Final
2023-05-04 13:14:30 INFO  main com.tyd.BlogApplication Starting BlogApplication on DESKTOP-Q3BBMJP with PID 23896 (E:\javaWeb\blog\target\classes started by 16012 in E:\javaWeb\blog)
2023-05-04 13:14:30 INFO  main com.tyd.BlogApplication The following profiles are active: dev
2023-05-04 13:14:31 INFO  main org.springframework.data.repository.config.RepositoryConfigurationDelegate Multiple Spring Data modules found, entering strict repository configuration mode!
2023-05-04 13:14:31 INFO  main org.springframework.data.repository.config.RepositoryConfigurationDelegate Bootstrapping Spring Data Redis repositories in DEFAULT mode.
2023-05-04 13:14:31 INFO  main org.springframework.data.repository.config.RepositoryConfigurationDelegate Finished Spring Data repository scanning in 25ms. Found 0 Redis repository interfaces.
2023-05-04 13:14:31 INFO  main org.springframework.context.support.PostProcessorRegistrationDelegate$BeanPostProcessorChecker Bean 'redisConfig' of type [com.tyd.common.config.RedisConfig$$EnhancerBySpringCGLIB$$df9190aa] is not eligible for getting processed by all BeanPostProcessors (for example: not eligible for auto-proxying)
2023-05-04 13:14:31 INFO  main org.springframework.context.support.PostProcessorRegistrationDelegate$BeanPostProcessorChecker Bean 'org.springframework.security.access.expression.method.DefaultMethodSecurityExpressionHandler@49e2b3c5' of type [org.springframework.security.access.expression.method.DefaultMethodSecurityExpressionHandler] is not eligible for getting processed by all BeanPostProcessors (for example: not eligible for auto-proxying)
2023-05-04 13:14:32 INFO  main org.springframework.context.support.PostProcessorRegistrationDelegate$BeanPostProcessorChecker Bean 'methodSecurityMetadataSource' of type [org.springframework.security.access.method.DelegatingMethodSecurityMetadataSource] is not eligible for getting processed by all BeanPostProcessors (for example: not eligible for auto-proxying)
2023-05-04 13:14:32 INFO  main org.springframework.boot.web.embedded.tomcat.TomcatWebServer Tomcat initialized with port(s): 8080 (http)
2023-05-04 13:14:32 INFO  main org.apache.coyote.http11.Http11NioProtocol Initializing ProtocolHandler ["http-nio-8080"]
2023-05-04 13:14:32 INFO  main org.apache.catalina.core.StandardService Starting service [Tomcat]
2023-05-04 13:14:32 INFO  main org.apache.catalina.core.StandardEngine Starting Servlet engine: [Apache Tomcat/9.0.41]
2023-05-04 13:14:32 INFO  main org.apache.catalina.core.ContainerBase.[Tomcat].[localhost].[/limi] Initializing Spring embedded WebApplicationContext
2023-05-04 13:14:32 INFO  main org.springframework.boot.web.servlet.context.ServletWebServerApplicationContext Root WebApplicationContext: initialization completed in 1396 ms
2023-05-04 13:14:32 INFO  main com.alibaba.druid.spring.boot.autoconfigure.DruidDataSourceAutoConfigure Init DruidDataSource
2023-05-04 13:14:32 INFO  main com.alibaba.druid.pool.DruidDataSource {dataSource-1} inited
2023-05-04 13:14:34 INFO  main com.tyd.common.util.MinioUtil 默认存储桶已存在
2023-05-04 13:14:34 INFO  main org.springframework.boot.autoconfigure.security.servlet.UserDetailsServiceAutoConfiguration 

Using generated security password: 79c7a5e4-6091-4d86-9496-d1d878d6c2dc

2023-05-04 13:14:34 INFO  main org.springframework.security.web.DefaultSecurityFilterChain Creating filter chain: any request, [org.springframework.security.web.context.request.async.WebAsyncManagerIntegrationFilter@65259737, org.springframework.security.web.context.SecurityContextPersistenceFilter@45753c22, org.springframework.security.web.header.HeaderWriterFilter@25c548d1, com.tyd.common.filter.RequestCountFilter@16d41725, com.tyd.common.filter.SimpleTokenFilter@250a946, org.springframework.security.web.savedrequest.RequestCacheAwareFilter@1ca0aa40, org.springframework.security.web.servletapi.SecurityContextHolderAwareRequestFilter@1fec9d33, org.springframework.security.web.authentication.AnonymousAuthenticationFilter@1e27bb89, org.springframework.security.web.session.SessionManagementFilter@1dce481b, org.springframework.security.web.access.ExceptionTranslationFilter@eddc9bb, org.springframework.security.web.access.intercept.FilterSecurityInterceptor@1e54e900]
2023-05-04 13:14:34 INFO  main springfox.documentation.spring.web.PropertySourcedRequestMappingHandlerMapping Mapped URL path [/v2/api-docs] onto method [springfox.documentation.swagger2.web.Swagger2Controller#getDocumentation(String, HttpServletRequest)]
2023-05-04 13:14:34 INFO  main org.springframework.scheduling.concurrent.ThreadPoolTaskExecutor Initializing ExecutorService 'applicationTaskExecutor'
2023-05-04 13:14:35 INFO  main org.apache.coyote.http11.Http11NioProtocol Starting ProtocolHandler ["http-nio-8080"]
2023-05-04 13:14:35 INFO  main org.springframework.boot.web.embedded.tomcat.TomcatWebServer Tomcat started on port(s): 8080 (http) with context path '/limi'
2023-05-04 13:14:35 INFO  main springfox.documentation.spring.web.plugins.DocumentationPluginsBootstrapper Context refreshed
2023-05-04 13:14:35 INFO  main springfox.documentation.spring.web.plugins.DocumentationPluginsBootstrapper Found 1 custom documentation plugin(s)
2023-05-04 13:14:35 INFO  main springfox.documentation.spring.web.scanners.ApiListingReferenceScanner Scanning for api listing references
2023-05-04 13:14:35 INFO  main springfox.documentation.spring.web.readers.operation.CachingOperationNameGenerator Generating unique operation named: queryAllUsingGET_1
2023-05-04 13:14:35 INFO  main springfox.documentation.spring.web.readers.operation.CachingOperationNameGenerator Generating unique operation named: queryAllPageUsingPOST_1
2023-05-04 13:14:35 INFO  main springfox.documentation.spring.web.readers.operation.CachingOperationNameGenerator Generating unique operation named: queryAllUsingGET_2
2023-05-04 13:14:35 INFO  main springfox.documentation.spring.web.readers.operation.CachingOperationNameGenerator Generating unique operation named: queryAllPageUsingPOST_2
2023-05-04 13:14:35 INFO  main springfox.documentation.spring.web.readers.operation.CachingOperationNameGenerator Generating unique operation named: queryByIdUsingGET_1
2023-05-04 13:14:35 INFO  main springfox.documentation.spring.web.readers.operation.CachingOperationNameGenerator Generating unique operation named: queryAllUsingGET_3
2023-05-04 13:14:35 INFO  main springfox.documentation.spring.web.readers.operation.CachingOperationNameGenerator Generating unique operation named: queryAllPageUsingPOST_3
2023-05-04 13:14:35 INFO  main springfox.documentation.spring.web.readers.operation.CachingOperationNameGenerator Generating unique operation named: queryByIdUsingGET_2
2023-05-04 13:14:35 INFO  main com.tyd.BlogApplication Started BlogApplication in 5.045 seconds (JVM running for 5.772)
2023-05-04 13:15:09 INFO  http-nio-8080-exec-1 org.apache.catalina.core.ContainerBase.[Tomcat].[localhost].[/limi] Initializing Spring DispatcherServlet 'dispatcherServlet'
2023-05-04 13:15:09 INFO  http-nio-8080-exec-1 org.springframework.web.servlet.DispatcherServlet Initializing Servlet 'dispatcherServlet'
2023-05-04 13:15:09 INFO  http-nio-8080-exec-1 org.springframework.web.servlet.DispatcherServlet Completed initialization in 8 ms
2023-05-04 13:15:10 INFO  http-nio-8080-exec-1 com.tyd.common.filter.SimpleTokenFilter 请求ip:127.0.0.1请求位置信息:内网IP请求的接口:/limi/friends/fanList请求的方法:GET请求时间：2023-05-04 13:15:10认证信息：null
2023-05-04 13:15:10 INFO  http-nio-8080-exec-2 com.tyd.common.filter.SimpleTokenFilter 请求ip:127.0.0.1请求位置信息:内网IP请求的接口:/limi/friends/followList请求的方法:GET请求时间：2023-05-04 13:15:10认证信息：null
2023-05-04 13:15:42 INFO  SpringContextShutdownHook org.springframework.scheduling.concurrent.ThreadPoolTaskExecutor Shutting down ExecutorService 'applicationTaskExecutor'
2023-05-04 13:15:42 INFO  SpringContextShutdownHook com.alibaba.druid.pool.DruidDataSource {dataSource-1} closing ...
2023-05-04 13:15:42 INFO  SpringContextShutdownHook com.alibaba.druid.pool.DruidDataSource {dataSource-1} closed
2023-05-04 13:15:48 INFO  background-preinit org.hibernate.validator.internal.util.Version HV000001: Hibernate Validator 6.1.6.Final
2023-05-04 13:15:48 INFO  main com.tyd.BlogApplication Starting BlogApplication on DESKTOP-Q3BBMJP with PID 18416 (E:\javaWeb\blog\target\classes started by 16012 in E:\javaWeb\blog)
2023-05-04 13:15:48 INFO  main com.tyd.BlogApplication The following profiles are active: dev
2023-05-04 13:15:49 INFO  main org.springframework.data.repository.config.RepositoryConfigurationDelegate Multiple Spring Data modules found, entering strict repository configuration mode!
2023-05-04 13:15:49 INFO  main org.springframework.data.repository.config.RepositoryConfigurationDelegate Bootstrapping Spring Data Redis repositories in DEFAULT mode.
2023-05-04 13:15:49 INFO  main org.springframework.data.repository.config.RepositoryConfigurationDelegate Finished Spring Data repository scanning in 20ms. Found 0 Redis repository interfaces.
2023-05-04 13:15:49 INFO  main org.springframework.context.support.PostProcessorRegistrationDelegate$BeanPostProcessorChecker Bean 'redisConfig' of type [com.tyd.common.config.RedisConfig$$EnhancerBySpringCGLIB$$9feeb1e2] is not eligible for getting processed by all BeanPostProcessors (for example: not eligible for auto-proxying)
2023-05-04 13:15:49 INFO  main org.springframework.context.support.PostProcessorRegistrationDelegate$BeanPostProcessorChecker Bean 'org.springframework.security.access.expression.method.DefaultMethodSecurityExpressionHandler@750f64fe' of type [org.springframework.security.access.expression.method.DefaultMethodSecurityExpressionHandler] is not eligible for getting processed by all BeanPostProcessors (for example: not eligible for auto-proxying)
2023-05-04 13:15:49 INFO  main org.springframework.context.support.PostProcessorRegistrationDelegate$BeanPostProcessorChecker Bean 'methodSecurityMetadataSource' of type [org.springframework.security.access.method.DelegatingMethodSecurityMetadataSource] is not eligible for getting processed by all BeanPostProcessors (for example: not eligible for auto-proxying)
2023-05-04 13:15:50 INFO  main org.springframework.boot.web.embedded.tomcat.TomcatWebServer Tomcat initialized with port(s): 8080 (http)
2023-05-04 13:15:50 INFO  main org.apache.coyote.http11.Http11NioProtocol Initializing ProtocolHandler ["http-nio-8080"]
2023-05-04 13:15:50 INFO  main org.apache.catalina.core.StandardService Starting service [Tomcat]
2023-05-04 13:15:50 INFO  main org.apache.catalina.core.StandardEngine Starting Servlet engine: [Apache Tomcat/9.0.41]
2023-05-04 13:15:50 INFO  main org.apache.catalina.core.ContainerBase.[Tomcat].[localhost].[/limi] Initializing Spring embedded WebApplicationContext
2023-05-04 13:15:50 INFO  main org.springframework.boot.web.servlet.context.ServletWebServerApplicationContext Root WebApplicationContext: initialization completed in 1442 ms
2023-05-04 13:15:50 INFO  main com.alibaba.druid.spring.boot.autoconfigure.DruidDataSourceAutoConfigure Init DruidDataSource
2023-05-04 13:15:50 INFO  main com.alibaba.druid.pool.DruidDataSource {dataSource-1} inited
2023-05-04 13:15:52 INFO  main com.tyd.common.util.MinioUtil 默认存储桶已存在
2023-05-04 13:15:52 INFO  main org.springframework.boot.autoconfigure.security.servlet.UserDetailsServiceAutoConfiguration 

Using generated security password: cee0e4c8-80bc-4fa6-9245-f42472a105f7

2023-05-04 13:15:52 INFO  main org.springframework.security.web.DefaultSecurityFilterChain Creating filter chain: any request, [org.springframework.security.web.context.request.async.WebAsyncManagerIntegrationFilter@4088702d, org.springframework.security.web.context.SecurityContextPersistenceFilter@478c84aa, org.springframework.security.web.header.HeaderWriterFilter@53551fef, com.tyd.common.filter.RequestCountFilter@698d6d30, com.tyd.common.filter.SimpleTokenFilter@6cee903a, org.springframework.security.web.savedrequest.RequestCacheAwareFilter@1d1deb11, org.springframework.security.web.servletapi.SecurityContextHolderAwareRequestFilter@68f264bf, org.springframework.security.web.authentication.AnonymousAuthenticationFilter@4c24c40a, org.springframework.security.web.session.SessionManagementFilter@1cfb7450, org.springframework.security.web.access.ExceptionTranslationFilter@520ec7a7, org.springframework.security.web.access.intercept.FilterSecurityInterceptor@641e67fa]
2023-05-04 13:15:52 INFO  main springfox.documentation.spring.web.PropertySourcedRequestMappingHandlerMapping Mapped URL path [/v2/api-docs] onto method [springfox.documentation.swagger2.web.Swagger2Controller#getDocumentation(String, HttpServletRequest)]
2023-05-04 13:15:52 INFO  main org.springframework.scheduling.concurrent.ThreadPoolTaskExecutor Initializing ExecutorService 'applicationTaskExecutor'
2023-05-04 13:15:53 INFO  main org.apache.coyote.http11.Http11NioProtocol Starting ProtocolHandler ["http-nio-8080"]
2023-05-04 13:15:53 INFO  main org.springframework.boot.web.embedded.tomcat.TomcatWebServer Tomcat started on port(s): 8080 (http) with context path '/limi'
2023-05-04 13:15:53 INFO  main springfox.documentation.spring.web.plugins.DocumentationPluginsBootstrapper Context refreshed
2023-05-04 13:15:53 INFO  main springfox.documentation.spring.web.plugins.DocumentationPluginsBootstrapper Found 1 custom documentation plugin(s)
2023-05-04 13:15:53 INFO  main springfox.documentation.spring.web.scanners.ApiListingReferenceScanner Scanning for api listing references
2023-05-04 13:15:53 INFO  main springfox.documentation.spring.web.readers.operation.CachingOperationNameGenerator Generating unique operation named: queryAllUsingGET_1
2023-05-04 13:15:53 INFO  main springfox.documentation.spring.web.readers.operation.CachingOperationNameGenerator Generating unique operation named: queryAllPageUsingPOST_1
2023-05-04 13:15:53 INFO  main springfox.documentation.spring.web.readers.operation.CachingOperationNameGenerator Generating unique operation named: queryAllUsingGET_2
2023-05-04 13:15:53 INFO  main springfox.documentation.spring.web.readers.operation.CachingOperationNameGenerator Generating unique operation named: queryAllPageUsingPOST_2
2023-05-04 13:15:53 INFO  main springfox.documentation.spring.web.readers.operation.CachingOperationNameGenerator Generating unique operation named: queryByIdUsingGET_1
2023-05-04 13:15:53 INFO  main springfox.documentation.spring.web.readers.operation.CachingOperationNameGenerator Generating unique operation named: queryAllUsingGET_3
2023-05-04 13:15:53 INFO  main springfox.documentation.spring.web.readers.operation.CachingOperationNameGenerator Generating unique operation named: queryAllPageUsingPOST_3
2023-05-04 13:15:53 INFO  main springfox.documentation.spring.web.readers.operation.CachingOperationNameGenerator Generating unique operation named: queryByIdUsingGET_2
2023-05-04 13:15:53 INFO  main com.tyd.BlogApplication Started BlogApplication in 5.087 seconds (JVM running for 5.801)
2023-05-04 13:16:47 INFO  SpringContextShutdownHook org.springframework.scheduling.concurrent.ThreadPoolTaskExecutor Shutting down ExecutorService 'applicationTaskExecutor'
2023-05-04 13:16:47 INFO  SpringContextShutdownHook com.alibaba.druid.pool.DruidDataSource {dataSource-1} closing ...
2023-05-04 13:16:47 INFO  SpringContextShutdownHook com.alibaba.druid.pool.DruidDataSource {dataSource-1} closed
2023-05-04 13:17:13 INFO  background-preinit org.hibernate.validator.internal.util.Version HV000001: Hibernate Validator 6.1.6.Final
2023-05-04 13:17:13 INFO  main com.tyd.BlogApplication Starting BlogApplication on DESKTOP-Q3BBMJP with PID 15872 (E:\javaWeb\blog\target\classes started by 16012 in E:\javaWeb\blog)
2023-05-04 13:17:13 INFO  main com.tyd.BlogApplication The following profiles are active: dev
2023-05-04 13:17:14 INFO  main org.springframework.data.repository.config.RepositoryConfigurationDelegate Multiple Spring Data modules found, entering strict repository configuration mode!
2023-05-04 13:17:14 INFO  main org.springframework.data.repository.config.RepositoryConfigurationDelegate Bootstrapping Spring Data Redis repositories in DEFAULT mode.
2023-05-04 13:17:14 INFO  main org.springframework.data.repository.config.RepositoryConfigurationDelegate Finished Spring Data repository scanning in 17ms. Found 0 Redis repository interfaces.
2023-05-04 13:17:14 INFO  main org.springframework.context.support.PostProcessorRegistrationDelegate$BeanPostProcessorChecker Bean 'redisConfig' of type [com.tyd.common.config.RedisConfig$$EnhancerBySpringCGLIB$$49acc8e5] is not eligible for getting processed by all BeanPostProcessors (for example: not eligible for auto-proxying)
2023-05-04 13:17:14 INFO  main org.springframework.context.support.PostProcessorRegistrationDelegate$BeanPostProcessorChecker Bean 'org.springframework.security.access.expression.method.DefaultMethodSecurityExpressionHandler@4cc7d00d' of type [org.springframework.security.access.expression.method.DefaultMethodSecurityExpressionHandler] is not eligible for getting processed by all BeanPostProcessors (for example: not eligible for auto-proxying)
2023-05-04 13:17:14 INFO  main org.springframework.context.support.PostProcessorRegistrationDelegate$BeanPostProcessorChecker Bean 'methodSecurityMetadataSource' of type [org.springframework.security.access.method.DelegatingMethodSecurityMetadataSource] is not eligible for getting processed by all BeanPostProcessors (for example: not eligible for auto-proxying)
2023-05-04 13:17:14 INFO  main org.springframework.boot.web.embedded.tomcat.TomcatWebServer Tomcat initialized with port(s): 8080 (http)
2023-05-04 13:17:14 INFO  main org.apache.coyote.http11.Http11NioProtocol Initializing ProtocolHandler ["http-nio-8080"]
2023-05-04 13:17:14 INFO  main org.apache.catalina.core.StandardService Starting service [Tomcat]
2023-05-04 13:17:14 INFO  main org.apache.catalina.core.StandardEngine Starting Servlet engine: [Apache Tomcat/9.0.41]
2023-05-04 13:17:14 INFO  main org.apache.catalina.core.ContainerBase.[Tomcat].[localhost].[/limi] Initializing Spring embedded WebApplicationContext
2023-05-04 13:17:14 INFO  main org.springframework.boot.web.servlet.context.ServletWebServerApplicationContext Root WebApplicationContext: initialization completed in 1352 ms
2023-05-04 13:17:14 INFO  main com.alibaba.druid.spring.boot.autoconfigure.DruidDataSourceAutoConfigure Init DruidDataSource
2023-05-04 13:17:15 INFO  main com.alibaba.druid.pool.DruidDataSource {dataSource-1} inited
2023-05-04 13:17:16 INFO  main com.tyd.common.util.MinioUtil 默认存储桶已存在
2023-05-04 13:17:16 INFO  main org.springframework.boot.autoconfigure.security.servlet.UserDetailsServiceAutoConfiguration 

Using generated security password: b76a4cb2-fed5-4d94-855e-9f8eb6463b9a

2023-05-04 13:17:17 INFO  main org.springframework.security.web.DefaultSecurityFilterChain Creating filter chain: any request, [org.springframework.security.web.context.request.async.WebAsyncManagerIntegrationFilter@2568611c, org.springframework.security.web.context.SecurityContextPersistenceFilter@6fdb1a59, org.springframework.security.web.header.HeaderWriterFilter@726d8fa0, com.tyd.common.filter.RequestCountFilter@5be4be74, com.tyd.common.filter.SimpleTokenFilter@6f240187, org.springframework.security.web.savedrequest.RequestCacheAwareFilter@348bd063, org.springframework.security.web.servletapi.SecurityContextHolderAwareRequestFilter@53a16dd6, org.springframework.security.web.authentication.AnonymousAuthenticationFilter@2bda7a5b, org.springframework.security.web.session.SessionManagementFilter@67ceaa9, org.springframework.security.web.access.ExceptionTranslationFilter@2d23a5be, org.springframework.security.web.access.intercept.FilterSecurityInterceptor@7f02b2d4]
2023-05-04 13:17:17 INFO  main springfox.documentation.spring.web.PropertySourcedRequestMappingHandlerMapping Mapped URL path [/v2/api-docs] onto method [springfox.documentation.swagger2.web.Swagger2Controller#getDocumentation(String, HttpServletRequest)]
2023-05-04 13:17:17 INFO  main org.springframework.scheduling.concurrent.ThreadPoolTaskExecutor Initializing ExecutorService 'applicationTaskExecutor'
2023-05-04 13:17:17 INFO  main org.apache.coyote.http11.Http11NioProtocol Starting ProtocolHandler ["http-nio-8080"]
2023-05-04 13:17:17 INFO  main org.springframework.boot.web.embedded.tomcat.TomcatWebServer Tomcat started on port(s): 8080 (http) with context path '/limi'
2023-05-04 13:17:17 INFO  main springfox.documentation.spring.web.plugins.DocumentationPluginsBootstrapper Context refreshed
2023-05-04 13:17:17 INFO  main springfox.documentation.spring.web.plugins.DocumentationPluginsBootstrapper Found 1 custom documentation plugin(s)
2023-05-04 13:17:17 INFO  main springfox.documentation.spring.web.scanners.ApiListingReferenceScanner Scanning for api listing references
2023-05-04 13:17:17 INFO  main springfox.documentation.spring.web.readers.operation.CachingOperationNameGenerator Generating unique operation named: queryAllUsingGET_1
2023-05-04 13:17:17 INFO  main springfox.documentation.spring.web.readers.operation.CachingOperationNameGenerator Generating unique operation named: queryAllPageUsingPOST_1
2023-05-04 13:17:17 INFO  main springfox.documentation.spring.web.readers.operation.CachingOperationNameGenerator Generating unique operation named: queryAllUsingGET_2
2023-05-04 13:17:17 INFO  main springfox.documentation.spring.web.readers.operation.CachingOperationNameGenerator Generating unique operation named: queryAllPageUsingPOST_2
2023-05-04 13:17:17 INFO  main springfox.documentation.spring.web.readers.operation.CachingOperationNameGenerator Generating unique operation named: queryByIdUsingGET_1
2023-05-04 13:17:17 INFO  main springfox.documentation.spring.web.readers.operation.CachingOperationNameGenerator Generating unique operation named: queryAllUsingGET_3
2023-05-04 13:17:17 INFO  main springfox.documentation.spring.web.readers.operation.CachingOperationNameGenerator Generating unique operation named: queryAllPageUsingPOST_3
2023-05-04 13:17:17 INFO  main springfox.documentation.spring.web.readers.operation.CachingOperationNameGenerator Generating unique operation named: queryByIdUsingGET_2
2023-05-04 13:17:17 INFO  main com.tyd.BlogApplication Started BlogApplication in 4.971 seconds (JVM running for 5.723)
2023-05-04 13:17:31 INFO  http-nio-8080-exec-1 org.apache.catalina.core.ContainerBase.[Tomcat].[localhost].[/limi] Initializing Spring DispatcherServlet 'dispatcherServlet'
2023-05-04 13:17:31 INFO  http-nio-8080-exec-1 org.springframework.web.servlet.DispatcherServlet Initializing Servlet 'dispatcherServlet'
2023-05-04 13:17:31 INFO  http-nio-8080-exec-1 org.springframework.web.servlet.DispatcherServlet Completed initialization in 7 ms
2023-05-04 13:17:32 INFO  http-nio-8080-exec-1 com.tyd.common.filter.SimpleTokenFilter 请求ip:127.0.0.1请求位置信息:内网IP请求的接口:/limi/image/querySliderVerifyPic/sliderverifypic请求的方法:GET请求时间：2023-05-04 13:17:32认证信息：null
2023-05-04 13:17:35 INFO  http-nio-8080-exec-3 com.tyd.common.filter.SimpleTokenFilter 请求ip:127.0.0.1请求位置信息:内网IP请求的接口:/limi/login请求的方法:POST请求时间：2023-05-04 13:17:35认证信息：null
2023-05-04 13:17:35 INFO  http-nio-8080-exec-3 com.tyd.module.service.impl.UserServiceImpl 小小登陆成功    登录时间 ：Thu May 04 13:17:35 CST 2023
2023-05-04 17:15:10 INFO  SpringContextShutdownHook org.springframework.scheduling.concurrent.ThreadPoolTaskExecutor Shutting down ExecutorService 'applicationTaskExecutor'
2023-05-04 17:15:10 INFO  SpringContextShutdownHook com.alibaba.druid.pool.DruidDataSource {dataSource-1} closing ...
2023-05-04 17:15:10 INFO  SpringContextShutdownHook com.alibaba.druid.pool.DruidDataSource {dataSource-1} closed
